<?xml version="1.0" ?>
<coverage branch-rate="0" branches-covered="0" branches-valid="0" complexity="0" line-rate="0.6916" lines-covered="2310" lines-valid="3340" timestamp="1615672988405" version="5.5">
	<!-- Generated by coverage.py: https://coverage.readthedocs.io -->
	<!-- Based on https://raw.githubusercontent.com/cobertura/web/master/htdocs/xml/coverage-04.dtd -->
	<sources>
		<source>/var/lib/jenkins/workspace/fundamentals_release_2.3.3</source>
	</sources>
	<packages>
		<package branch-rate="0" complexity="0" line-rate="0.4479" name="fundamentals">
			<classes>
				<class branch-rate="0" complexity="0" filename="fundamentals/__init__.py" line-rate="1" name="__init__.py">
					<methods/>
					<lines>
						<line hits="1" number="1"/>
						<line hits="1" number="2"/>
						<line hits="1" number="3"/>
						<line hits="1" number="4"/>
						<line hits="1" number="5"/>
						<line hits="1" number="6"/>
						<line hits="1" number="7"/>
						<line hits="1" number="8"/>
						<line hits="1" number="9"/>
						<line hits="1" number="10"/>
						<line hits="1" number="11"/>
						<line hits="1" number="12"/>
					</lines>
				</class>
				<class branch-rate="0" complexity="0" filename="fundamentals/__version__.py" line-rate="1" name="__version__.py">
					<methods/>
					<lines>
						<line hits="1" number="1"/>
					</lines>
				</class>
				<class branch-rate="0" complexity="0" filename="fundamentals/cl_utils.py" line-rate="0.1806" name="cl_utils.py">
					<methods/>
					<lines>
						<line hits="1" number="3"/>
						<line hits="1" number="16"/>
						<line hits="1" number="17"/>
						<line hits="1" number="18"/>
						<line hits="1" number="19"/>
						<line hits="1" number="20"/>
						<line hits="1" number="21"/>
						<line hits="1" number="22"/>
						<line hits="1" number="23"/>
						<line hits="1" number="24"/>
						<line hits="1" number="27"/>
						<line hits="0" number="28"/>
						<line hits="1" number="31"/>
						<line hits="0" number="36"/>
						<line hits="0" number="44"/>
						<line hits="0" number="47"/>
						<line hits="0" number="48"/>
						<line hits="0" number="49"/>
						<line hits="0" number="53"/>
						<line hits="0" number="54"/>
						<line hits="0" number="55"/>
						<line hits="0" number="56"/>
						<line hits="0" number="58"/>
						<line hits="0" number="59"/>
						<line hits="0" number="60"/>
						<line hits="0" number="61"/>
						<line hits="0" number="62"/>
						<line hits="0" number="63"/>
						<line hits="0" number="66"/>
						<line hits="0" number="67"/>
						<line hits="0" number="72"/>
						<line hits="0" number="75"/>
						<line hits="0" number="76"/>
						<line hits="0" number="77"/>
						<line hits="0" number="78"/>
						<line hits="0" number="79"/>
						<line hits="0" number="80"/>
						<line hits="0" number="81"/>
						<line hits="0" number="82"/>
						<line hits="0" number="83"/>
						<line hits="0" number="84"/>
						<line hits="0" number="85"/>
						<line hits="0" number="92"/>
						<line hits="0" number="93"/>
						<line hits="0" number="94"/>
						<line hits="0" number="95"/>
						<line hits="0" number="96"/>
						<line hits="0" number="97"/>
						<line hits="0" number="99"/>
						<line hits="0" number="100"/>
						<line hits="0" number="101"/>
						<line hits="0" number="102"/>
						<line hits="0" number="103"/>
						<line hits="0" number="104"/>
						<line hits="0" number="105"/>
						<line hits="0" number="106"/>
						<line hits="0" number="107"/>
						<line hits="0" number="108"/>
						<line hits="0" number="109"/>
						<line hits="0" number="110"/>
						<line hits="0" number="111"/>
						<line hits="0" number="112"/>
						<line hits="0" number="113"/>
						<line hits="0" number="117"/>
						<line hits="0" number="118"/>
						<line hits="0" number="119"/>
						<line hits="0" number="121"/>
						<line hits="0" number="122"/>
						<line hits="0" number="123"/>
						<line hits="0" number="126"/>
						<line hits="1" number="128"/>
						<line hits="0" number="129"/>
					</lines>
				</class>
				<class branch-rate="0" complexity="0" filename="fundamentals/docstring_test.py" line-rate="0.25" name="docstring_test.py">
					<methods/>
					<lines>
						<line hits="1" number="7"/>
						<line hits="0" number="244"/>
						<line hits="0" number="245"/>
						<line hits="0" number="247"/>
					</lines>
				</class>
				<class branch-rate="0" complexity="0" filename="fundamentals/fmultiprocess.py" line-rate="0.8205" name="fmultiprocess.py">
					<methods/>
					<lines>
						<line hits="1" number="3"/>
						<line hits="1" number="9"/>
						<line hits="1" number="10"/>
						<line hits="1" number="11"/>
						<line hits="1" number="12"/>
						<line hits="1" number="13"/>
						<line hits="1" number="14"/>
						<line hits="1" number="15"/>
						<line hits="1" number="16"/>
						<line hits="1" number="19"/>
						<line hits="1" number="53"/>
						<line hits="1" number="54"/>
						<line hits="1" number="57"/>
						<line hits="1" number="60"/>
						<line hits="1" number="61"/>
						<line hits="1" number="63"/>
						<line hits="1" number="64"/>
						<line hits="0" number="66"/>
						<line hits="1" number="68"/>
						<line hits="1" number="69"/>
						<line hits="1" number="71"/>
						<line hits="1" number="72"/>
						<line hits="1" number="77"/>
						<line hits="1" number="79"/>
						<line hits="1" number="80"/>
						<line hits="0" number="81"/>
						<line hits="0" number="82"/>
						<line hits="0" number="83"/>
						<line hits="0" number="84"/>
						<line hits="1" number="85"/>
						<line hits="0" number="86"/>
						<line hits="0" number="87"/>
						<line hits="1" number="89"/>
						<line hits="1" number="90"/>
						<line hits="1" number="92"/>
						<line hits="1" number="94"/>
						<line hits="1" number="95"/>
						<line hits="1" number="98"/>
						<line hits="1" number="99"/>
					</lines>
				</class>
				<class branch-rate="0" complexity="0" filename="fundamentals/logs.py" line-rate="0.7368" name="logs.py">
					<methods/>
					<lines>
						<line hits="1" number="3"/>
						<line hits="1" number="9"/>
						<line hits="1" number="10"/>
						<line hits="1" number="11"/>
						<line hits="1" number="12"/>
						<line hits="1" number="13"/>
						<line hits="1" number="14"/>
						<line hits="1" number="17"/>
						<line hits="0" number="46"/>
						<line hits="0" number="47"/>
						<line hits="0" number="48"/>
						<line hits="0" number="50"/>
						<line hits="0" number="51"/>
						<line hits="0" number="52"/>
						<line hits="0" number="53"/>
						<line hits="0" number="54"/>
						<line hits="0" number="58"/>
						<line hits="0" number="74"/>
						<line hits="0" number="75"/>
						<line hits="0" number="77"/>
						<line hits="1" number="80"/>
						<line hits="1" number="140"/>
						<line hits="1" number="141"/>
						<line hits="1" number="142"/>
						<line hits="1" number="143"/>
						<line hits="1" number="144"/>
						<line hits="1" number="145"/>
						<line hits="1" number="146"/>
						<line hits="1" number="147"/>
						<line hits="1" number="148"/>
						<line hits="1" number="151"/>
						<line hits="1" number="154"/>
						<line hits="1" number="155"/>
						<line hits="1" number="156"/>
						<line hits="1" number="157"/>
						<line hits="1" number="158"/>
						<line hits="1" number="159"/>
						<line hits="1" number="160"/>
						<line hits="1" number="164"/>
						<line hits="1" number="165"/>
						<line hits="1" number="166"/>
						<line hits="1" number="168"/>
						<line hits="1" number="169"/>
						<line hits="1" number="172"/>
						<line hits="0" number="173"/>
						<line hits="1" number="175"/>
						<line hits="1" number="176"/>
						<line hits="1" number="178"/>
						<line hits="1" number="180"/>
						<line hits="1" number="182"/>
						<line hits="1" number="184"/>
						<line hits="1" number="191"/>
						<line hits="1" number="197"/>
						<line hits="1" number="201"/>
						<line hits="1" number="204"/>
						<line hits="1" number="209"/>
						<line hits="0" number="214"/>
						<line hits="0" number="217"/>
						<line hits="0" number="218"/>
						<line hits="1" number="222"/>
						<line hits="1" number="227"/>
						<line hits="1" number="228"/>
						<line hits="1" number="229"/>
						<line hits="1" number="230"/>
						<line hits="1" number="231"/>
						<line hits="1" number="234"/>
						<line hits="1" number="248"/>
						<line hits="0" number="249"/>
						<line hits="1" number="251"/>
						<line hits="1" number="252"/>
						<line hits="1" number="254"/>
						<line hits="0" number="255"/>
						<line hits="1" number="257"/>
						<line hits="0" number="258"/>
						<line hits="1" number="260"/>
						<line hits="0" number="261"/>
					</lines>
				</class>
				<class branch-rate="0" complexity="0" filename="fundamentals/times.py" line-rate="0.2182" name="times.py">
					<methods/>
					<lines>
						<line hits="1" number="3"/>
						<line hits="1" number="9"/>
						<line hits="1" number="10"/>
						<line hits="1" number="11"/>
						<line hits="1" number="12"/>
						<line hits="1" number="15"/>
						<line hits="1" number="33"/>
						<line hits="1" number="34"/>
						<line hits="1" number="35"/>
						<line hits="1" number="37"/>
						<line hits="1" number="40"/>
						<line hits="0" number="59"/>
						<line hits="0" number="60"/>
						<line hits="0" number="61"/>
						<line hits="0" number="62"/>
						<line hits="0" number="63"/>
						<line hits="0" number="64"/>
						<line hits="0" number="65"/>
						<line hits="0" number="66"/>
						<line hits="0" number="67"/>
						<line hits="0" number="68"/>
						<line hits="0" number="69"/>
						<line hits="0" number="70"/>
						<line hits="0" number="71"/>
						<line hits="0" number="72"/>
						<line hits="0" number="73"/>
						<line hits="0" number="74"/>
						<line hits="0" number="75"/>
						<line hits="0" number="77"/>
						<line hits="1" number="80"/>
						<line hits="0" number="103"/>
						<line hits="0" number="104"/>
						<line hits="0" number="109"/>
						<line hits="0" number="110"/>
						<line hits="0" number="111"/>
						<line hits="0" number="112"/>
						<line hits="0" number="113"/>
						<line hits="0" number="114"/>
						<line hits="0" number="115"/>
						<line hits="0" number="117"/>
						<line hits="0" number="118"/>
						<line hits="0" number="119"/>
						<line hits="0" number="120"/>
						<line hits="0" number="121"/>
						<line hits="0" number="122"/>
						<line hits="0" number="123"/>
						<line hits="0" number="124"/>
						<line hits="0" number="125"/>
						<line hits="0" number="126"/>
						<line hits="0" number="127"/>
						<line hits="0" number="128"/>
						<line hits="0" number="129"/>
						<line hits="0" number="132"/>
						<line hits="0" number="133"/>
						<line hits="0" number="135"/>
					</lines>
				</class>
				<class branch-rate="0" complexity="0" filename="fundamentals/tools.py" line-rate="0.3582" name="tools.py">
					<methods/>
					<lines>
						<line hits="1" number="3"/>
						<line hits="1" number="9"/>
						<line hits="1" number="10"/>
						<line hits="1" number="11"/>
						<line hits="1" number="12"/>
						<line hits="1" number="13"/>
						<line hits="1" number="14"/>
						<line hits="1" number="15"/>
						<line hits="1" number="16"/>
						<line hits="0" number="17"/>
						<line hits="0" number="18"/>
						<line hits="1" number="19"/>
						<line hits="1" number="20"/>
						<line hits="1" number="21"/>
						<line hits="1" number="22"/>
						<line hits="1" number="23"/>
						<line hits="1" number="24"/>
						<line hits="1" number="25"/>
						<line hits="1" number="26"/>
						<line hits="1" number="27"/>
						<line hits="1" number="28"/>
						<line hits="1" number="29"/>
						<line hits="1" number="36"/>
						<line hits="1" number="124"/>
						<line hits="1" number="135"/>
						<line hits="1" number="136"/>
						<line hits="1" number="137"/>
						<line hits="1" number="139"/>
						<line hits="1" number="141"/>
						<line hits="1" number="142"/>
						<line hits="1" number="144"/>
						<line hits="1" number="145"/>
						<line hits="1" number="146"/>
						<line hits="1" number="147"/>
						<line hits="1" number="148"/>
						<line hits="1" number="149"/>
						<line hits="1" number="153"/>
						<line hits="0" number="154"/>
						<line hits="1" number="156"/>
						<line hits="1" number="159"/>
						<line hits="1" number="163"/>
						<line hits="1" number="164"/>
						<line hits="1" number="165"/>
						<line hits="0" number="166"/>
						<line hits="0" number="167"/>
						<line hits="1" number="169"/>
						<line hits="1" number="170"/>
						<line hits="0" number="171"/>
						<line hits="0" number="172"/>
						<line hits="0" number="173"/>
						<line hits="1" number="175"/>
						<line hits="1" number="176"/>
						<line hits="0" number="177"/>
						<line hits="1" number="178"/>
						<line hits="1" number="179"/>
						<line hits="1" number="181"/>
						<line hits="0" number="183"/>
						<line hits="1" number="187"/>
						<line hits="1" number="188"/>
						<line hits="0" number="189"/>
						<line hits="1" number="190"/>
						<line hits="0" number="191"/>
						<line hits="1" number="192"/>
						<line hits="0" number="193"/>
						<line hits="1" number="194"/>
						<line hits="0" number="195"/>
						<line hits="1" number="196"/>
						<line hits="0" number="197"/>
						<line hits="1" number="198"/>
						<line hits="1" number="199"/>
						<line hits="0" number="200"/>
						<line hits="0" number="202"/>
						<line hits="0" number="203"/>
						<line hits="0" number="204"/>
						<line hits="0" number="206"/>
						<line hits="0" number="207"/>
						<line hits="0" number="209"/>
						<line hits="0" number="210"/>
						<line hits="0" number="211"/>
						<line hits="0" number="213"/>
						<line hits="0" number="214"/>
						<line hits="0" number="216"/>
						<line hits="0" number="217"/>
						<line hits="0" number="218"/>
						<line hits="0" number="221"/>
						<line hits="0" number="224"/>
						<line hits="0" number="225"/>
						<line hits="0" number="226"/>
						<line hits="0" number="227"/>
						<line hits="0" number="228"/>
						<line hits="0" number="230"/>
						<line hits="0" number="231"/>
						<line hits="0" number="233"/>
						<line hits="0" number="234"/>
						<line hits="0" number="236"/>
						<line hits="0" number="237"/>
						<line hits="0" number="239"/>
						<line hits="0" number="240"/>
						<line hits="0" number="241"/>
						<line hits="0" number="242"/>
						<line hits="0" number="243"/>
						<line hits="0" number="244"/>
						<line hits="0" number="245"/>
						<line hits="0" number="246"/>
						<line hits="0" number="247"/>
						<line hits="0" number="248"/>
						<line hits="0" number="249"/>
						<line hits="0" number="252"/>
						<line hits="0" number="253"/>
						<line hits="0" number="254"/>
						<line hits="0" number="255"/>
						<line hits="0" number="256"/>
						<line hits="0" number="257"/>
						<line hits="0" number="258"/>
						<line hits="0" number="260"/>
						<line hits="0" number="261"/>
						<line hits="0" number="262"/>
						<line hits="0" number="263"/>
						<line hits="0" number="265"/>
						<line hits="0" number="266"/>
						<line hits="0" number="269"/>
						<line hits="0" number="270"/>
						<line hits="0" number="271"/>
						<line hits="0" number="273"/>
						<line hits="0" number="274"/>
						<line hits="0" number="276"/>
						<line hits="0" number="277"/>
						<line hits="0" number="278"/>
						<line hits="0" number="279"/>
						<line hits="0" number="281"/>
						<line hits="0" number="282"/>
						<line hits="0" number="283"/>
						<line hits="0" number="285"/>
						<line hits="0" number="286"/>
						<line hits="0" number="287"/>
						<line hits="0" number="288"/>
						<line hits="0" number="289"/>
						<line hits="0" number="291"/>
						<line hits="0" number="292"/>
						<line hits="0" number="293"/>
						<line hits="0" number="294"/>
						<line hits="1" number="300"/>
						<line hits="1" number="302"/>
						<line hits="1" number="303"/>
						<line hits="1" number="304"/>
						<line hits="1" number="306"/>
						<line hits="1" number="307"/>
						<line hits="0" number="308"/>
						<line hits="1" number="310"/>
						<line hits="1" number="314"/>
						<line hits="1" number="315"/>
						<line hits="1" number="316"/>
						<line hits="0" number="319"/>
						<line hits="0" number="320"/>
						<line hits="0" number="323"/>
						<line hits="0" number="324"/>
						<line hits="0" number="327"/>
						<line hits="0" number="328"/>
						<line hits="0" number="331"/>
						<line hits="0" number="332"/>
						<line hits="0" number="336"/>
						<line hits="0" number="337"/>
						<line hits="0" number="341"/>
						<line hits="0" number="342"/>
						<line hits="1" number="346"/>
						<line hits="1" number="350"/>
						<line hits="1" number="351"/>
						<line hits="0" number="352"/>
						<line hits="1" number="354"/>
						<line hits="1" number="355"/>
						<line hits="0" number="356"/>
						<line hits="1" number="357"/>
						<line hits="1" number="358"/>
						<line hits="1" number="359"/>
						<line hits="0" number="361"/>
						<line hits="1" number="362"/>
						<line hits="0" number="363"/>
						<line hits="1" number="366"/>
						<line hits="1" number="367"/>
						<line hits="1" number="368"/>
						<line hits="0" number="370"/>
						<line hits="0" number="371"/>
						<line hits="0" number="372"/>
						<line hits="0" number="373"/>
						<line hits="0" number="374"/>
						<line hits="1" number="375"/>
						<line hits="1" number="376"/>
						<line hits="1" number="377"/>
						<line hits="1" number="378"/>
						<line hits="1" number="379"/>
						<line hits="1" number="380"/>
						<line hits="0" number="381"/>
						<line hits="1" number="382"/>
						<line hits="1" number="383"/>
						<line hits="1" number="384"/>
						<line hits="0" number="385"/>
						<line hits="1" number="389"/>
						<line hits="0" number="390"/>
						<line hits="1" number="391"/>
						<line hits="1" number="393"/>
						<line hits="0" number="394"/>
						<line hits="0" number="395"/>
						<line hits="0" number="396"/>
						<line hits="1" number="398"/>
						<line hits="1" number="399"/>
						<line hits="1" number="400"/>
						<line hits="1" number="413"/>
						<line hits="1" number="415"/>
						<line hits="1" number="417"/>
						<line hits="1" number="419"/>
						<line hits="1" number="426"/>
						<line hits="1" number="428"/>
						<line hits="0" number="433"/>
						<line hits="0" number="434"/>
						<line hits="0" number="437"/>
						<line hits="0" number="439"/>
						<line hits="0" number="440"/>
						<line hits="0" number="442"/>
						<line hits="0" number="443"/>
						<line hits="0" number="446"/>
						<line hits="0" number="447"/>
						<line hits="0" number="448"/>
						<line hits="0" number="450"/>
						<line hits="0" number="451"/>
						<line hits="0" number="452"/>
						<line hits="0" number="455"/>
						<line hits="0" number="456"/>
						<line hits="0" number="457"/>
						<line hits="0" number="458"/>
						<line hits="0" number="460"/>
						<line hits="0" number="461"/>
						<line hits="0" number="462"/>
						<line hits="0" number="463"/>
						<line hits="0" number="465"/>
						<line hits="0" number="467"/>
						<line hits="0" number="469"/>
						<line hits="0" number="470"/>
						<line hits="0" number="472"/>
						<line hits="0" number="473"/>
						<line hits="0" number="476"/>
						<line hits="0" number="478"/>
						<line hits="0" number="479"/>
						<line hits="0" number="482"/>
						<line hits="0" number="483"/>
						<line hits="0" number="484"/>
						<line hits="0" number="487"/>
						<line hits="0" number="488"/>
						<line hits="0" number="489"/>
						<line hits="0" number="490"/>
						<line hits="0" number="492"/>
						<line hits="0" number="493"/>
						<line hits="0" number="494"/>
						<line hits="0" number="495"/>
						<line hits="0" number="497"/>
						<line hits="0" number="500"/>
						<line hits="0" number="501"/>
						<line hits="0" number="502"/>
						<line hits="0" number="503"/>
						<line hits="0" number="504"/>
						<line hits="0" number="517"/>
						<line hits="0" number="518"/>
						<line hits="0" number="520"/>
						<line hits="1" number="522"/>
						<line hits="0" number="527"/>
						<line hits="0" number="528"/>
						<line hits="0" number="530"/>
						<line hits="0" number="531"/>
						<line hits="0" number="532"/>
						<line hits="0" number="533"/>
						<line hits="0" number="534"/>
						<line hits="0" number="536"/>
						<line hits="0" number="538"/>
						<line hits="1" number="548"/>
						<line hits="0" number="549"/>
						<line hits="0" number="550"/>
						<line hits="0" number="552"/>
						<line hits="0" number="553"/>
						<line hits="0" number="554"/>
						<line hits="0" number="555"/>
						<line hits="0" number="558"/>
						<line hits="1" number="560"/>
						<line hits="0" number="561"/>
					</lines>
				</class>
				<class branch-rate="0" complexity="0" filename="fundamentals/utKit.py" line-rate="0.7727" name="utKit.py">
					<methods/>
					<lines>
						<line hits="1" number="3"/>
						<line hits="1" number="9"/>
						<line hits="1" number="10"/>
						<line hits="1" number="11"/>
						<line hits="1" number="12"/>
						<line hits="1" number="13"/>
						<line hits="1" number="14"/>
						<line hits="1" number="15"/>
						<line hits="1" number="16"/>
						<line hits="0" number="17"/>
						<line hits="0" number="18"/>
						<line hits="1" number="21"/>
						<line hits="1" number="46"/>
						<line hits="1" number="50"/>
						<line hits="1" number="54"/>
						<line hits="1" number="55"/>
						<line hits="1" number="58"/>
						<line hits="1" number="80"/>
						<line hits="1" number="88"/>
						<line hits="1" number="90"/>
						<line hits="1" number="105"/>
						<line hits="1" number="106"/>
						<line hits="1" number="107"/>
						<line hits="1" number="108"/>
						<line hits="1" number="109"/>
						<line hits="1" number="110"/>
						<line hits="1" number="121"/>
						<line hits="0" number="123"/>
						<line hits="1" number="125"/>
						<line hits="1" number="127"/>
						<line hits="1" number="133"/>
						<line hits="1" number="135"/>
						<line hits="1" number="144"/>
						<line hits="1" number="145"/>
						<line hits="1" number="147"/>
						<line hits="1" number="149"/>
						<line hits="0" number="153"/>
						<line hits="0" number="154"/>
						<line hits="0" number="155"/>
						<line hits="0" number="156"/>
						<line hits="0" number="165"/>
						<line hits="0" number="166"/>
						<line hits="1" number="174"/>
						<line hits="0" number="175"/>
					</lines>
				</class>
			</classes>
		</package>
		<package branch-rate="0" complexity="0" line-rate="0.5714" name="fundamentals.commonutils">
			<classes>
				<class branch-rate="0" complexity="0" filename="fundamentals/commonutils/__init__.py" line-rate="1" name="__init__.py">
					<methods/>
					<lines>
						<line hits="1" number="4"/>
					</lines>
				</class>
				<class branch-rate="0" complexity="0" filename="fundamentals/commonutils/getpackagepath.py" line-rate="0.5" name="getpackagepath.py">
					<methods/>
					<lines>
						<line hits="1" number="3"/>
						<line hits="1" number="9"/>
						<line hits="1" number="11"/>
						<line hits="0" number="17"/>
						<line hits="0" number="18"/>
						<line hits="0" number="20"/>
					</lines>
				</class>
			</classes>
		</package>
		<package branch-rate="0" complexity="0" line-rate="0.2642" name="fundamentals.download">
			<classes>
				<class branch-rate="0" complexity="0" filename="fundamentals/download/__init__.py" line-rate="1" name="__init__.py">
					<methods/>
					<lines>
						<line hits="1" number="4"/>
						<line hits="1" number="5"/>
						<line hits="1" number="6"/>
						<line hits="1" number="7"/>
						<line hits="1" number="8"/>
						<line hits="1" number="9"/>
						<line hits="1" number="10"/>
					</lines>
				</class>
				<class branch-rate="0" complexity="0" filename="fundamentals/download/_dump_files_to_local_drive.py" line-rate="0.3333" name="_dump_files_to_local_drive.py">
					<methods/>
					<lines>
						<line hits="1" number="3"/>
						<line hits="1" number="9"/>
						<line hits="1" number="10"/>
						<line hits="1" number="11"/>
						<line hits="1" number="12"/>
						<line hits="1" number="13"/>
						<line hits="1" number="15"/>
						<line hits="0" number="31"/>
						<line hits="0" number="32"/>
						<line hits="0" number="33"/>
						<line hits="0" number="34"/>
						<line hits="0" number="35"/>
						<line hits="0" number="36"/>
						<line hits="0" number="37"/>
						<line hits="0" number="38"/>
						<line hits="0" number="39"/>
						<line hits="0" number="40"/>
						<line hits="0" number="41"/>
						<line hits="0" number="42"/>
						<line hits="0" number="45"/>
						<line hits="0" number="46"/>
					</lines>
				</class>
				<class branch-rate="0" complexity="0" filename="fundamentals/download/_fetch.py" line-rate="0.2564" name="_fetch.py">
					<methods/>
					<lines>
						<line hits="1" number="3"/>
						<line hits="1" number="9"/>
						<line hits="1" number="10"/>
						<line hits="1" number="11"/>
						<line hits="1" number="12"/>
						<line hits="1" number="13"/>
						<line hits="1" number="14"/>
						<line hits="1" number="15"/>
						<line hits="1" number="16"/>
						<line hits="1" number="19"/>
						<line hits="0" number="34"/>
						<line hits="0" number="35"/>
						<line hits="0" number="36"/>
						<line hits="0" number="37"/>
						<line hits="0" number="38"/>
						<line hits="0" number="39"/>
						<line hits="0" number="42"/>
						<line hits="0" number="43"/>
						<line hits="0" number="44"/>
						<line hits="0" number="45"/>
						<line hits="0" number="46"/>
						<line hits="0" number="47"/>
						<line hits="0" number="48"/>
						<line hits="0" number="49"/>
						<line hits="0" number="50"/>
						<line hits="0" number="51"/>
						<line hits="0" number="52"/>
						<line hits="0" number="53"/>
						<line hits="0" number="54"/>
						<line hits="0" number="55"/>
						<line hits="0" number="56"/>
						<line hits="0" number="57"/>
						<line hits="0" number="58"/>
						<line hits="0" number="59"/>
						<line hits="0" number="61"/>
						<line hits="0" number="63"/>
						<line hits="0" number="64"/>
						<line hits="0" number="65"/>
						<line hits="0" number="67"/>
					</lines>
				</class>
				<class branch-rate="0" complexity="0" filename="fundamentals/download/append_now_datestamp_to_filename.py" line-rate="0.4118" name="append_now_datestamp_to_filename.py">
					<methods/>
					<lines>
						<line hits="1" number="3"/>
						<line hits="1" number="9"/>
						<line hits="1" number="10"/>
						<line hits="1" number="11"/>
						<line hits="1" number="12"/>
						<line hits="1" number="13"/>
						<line hits="1" number="16"/>
						<line hits="0" number="44"/>
						<line hits="0" number="46"/>
						<line hits="0" number="48"/>
						<line hits="0" number="49"/>
						<line hits="0" number="51"/>
						<line hits="0" number="52"/>
						<line hits="0" number="54"/>
						<line hits="0" number="55"/>
						<line hits="0" number="56"/>
						<line hits="0" number="59"/>
					</lines>
				</class>
				<class branch-rate="0" complexity="0" filename="fundamentals/download/extract_filename_from_url.py" line-rate="0.35" name="extract_filename_from_url.py">
					<methods/>
					<lines>
						<line hits="1" number="3"/>
						<line hits="1" number="9"/>
						<line hits="1" number="10"/>
						<line hits="1" number="11"/>
						<line hits="1" number="12"/>
						<line hits="1" number="13"/>
						<line hits="1" number="15"/>
						<line hits="0" number="42"/>
						<line hits="0" number="44"/>
						<line hits="0" number="45"/>
						<line hits="0" number="46"/>
						<line hits="0" number="47"/>
						<line hits="0" number="49"/>
						<line hits="0" number="50"/>
						<line hits="0" number="51"/>
						<line hits="0" number="52"/>
						<line hits="0" number="53"/>
						<line hits="0" number="54"/>
						<line hits="0" number="56"/>
						<line hits="0" number="58"/>
					</lines>
				</class>
				<class branch-rate="0" complexity="0" filename="fundamentals/download/get_now_datetime_filestamp.py" line-rate="0.5" name="get_now_datetime_filestamp.py">
					<methods/>
					<lines>
						<line hits="1" number="3"/>
						<line hits="1" number="9"/>
						<line hits="1" number="10"/>
						<line hits="1" number="11"/>
						<line hits="1" number="12"/>
						<line hits="1" number="15"/>
						<line hits="0" number="38"/>
						<line hits="0" number="39"/>
						<line hits="0" number="40"/>
						<line hits="0" number="41"/>
						<line hits="0" number="43"/>
						<line hits="0" number="45"/>
					</lines>
				</class>
				<class branch-rate="0" complexity="0" filename="fundamentals/download/multiobject_download.py" line-rate="0.125" name="multiobject_download.py">
					<methods/>
					<lines>
						<line hits="1" number="3"/>
						<line hits="1" number="11"/>
						<line hits="1" number="12"/>
						<line hits="1" number="13"/>
						<line hits="1" number="14"/>
						<line hits="1" number="15"/>
						<line hits="1" number="16"/>
						<line hits="1" number="17"/>
						<line hits="1" number="18"/>
						<line hits="1" number="19"/>
						<line hits="1" number="20"/>
						<line hits="1" number="22"/>
						<line hits="0" number="80"/>
						<line hits="0" number="81"/>
						<line hits="0" number="82"/>
						<line hits="0" number="83"/>
						<line hits="0" number="84"/>
						<line hits="0" number="85"/>
						<line hits="0" number="86"/>
						<line hits="0" number="90"/>
						<line hits="0" number="91"/>
						<line hits="0" number="97"/>
						<line hits="0" number="98"/>
						<line hits="0" number="99"/>
						<line hits="0" number="100"/>
						<line hits="0" number="101"/>
						<line hits="0" number="103"/>
						<line hits="0" number="106"/>
						<line hits="0" number="107"/>
						<line hits="0" number="109"/>
						<line hits="0" number="110"/>
						<line hits="0" number="112"/>
						<line hits="0" number="113"/>
						<line hits="0" number="114"/>
						<line hits="0" number="116"/>
						<line hits="0" number="117"/>
						<line hits="0" number="118"/>
						<line hits="0" number="119"/>
						<line hits="0" number="121"/>
						<line hits="0" number="123"/>
						<line hits="0" number="126"/>
						<line hits="0" number="127"/>
						<line hits="0" number="130"/>
						<line hits="0" number="131"/>
						<line hits="0" number="132"/>
						<line hits="0" number="133"/>
						<line hits="0" number="134"/>
						<line hits="0" number="136"/>
						<line hits="0" number="137"/>
						<line hits="0" number="139"/>
						<line hits="0" number="141"/>
						<line hits="0" number="143"/>
						<line hits="0" number="144"/>
						<line hits="0" number="146"/>
						<line hits="0" number="148"/>
						<line hits="0" number="149"/>
						<line hits="0" number="151"/>
						<line hits="0" number="153"/>
						<line hits="0" number="156"/>
						<line hits="0" number="157"/>
						<line hits="0" number="158"/>
						<line hits="0" number="161"/>
						<line hits="0" number="163"/>
						<line hits="0" number="164"/>
						<line hits="0" number="165"/>
						<line hits="0" number="166"/>
						<line hits="0" number="167"/>
						<line hits="0" number="169"/>
						<line hits="0" number="170"/>
						<line hits="0" number="172"/>
						<line hits="0" number="173"/>
						<line hits="0" number="174"/>
						<line hits="0" number="176"/>
						<line hits="0" number="179"/>
						<line hits="0" number="180"/>
						<line hits="0" number="181"/>
						<line hits="0" number="182"/>
						<line hits="0" number="184"/>
						<line hits="0" number="185"/>
						<line hits="0" number="186"/>
						<line hits="0" number="189"/>
						<line hits="0" number="190"/>
						<line hits="0" number="191"/>
						<line hits="0" number="193"/>
						<line hits="0" number="194"/>
						<line hits="0" number="197"/>
						<line hits="0" number="198"/>
						<line hits="0" number="199"/>
						<line hits="0" number="201"/>
						<line hits="0" number="202"/>
						<line hits="0" number="203"/>
						<line hits="0" number="204"/>
						<line hits="0" number="205"/>
						<line hits="0" number="209"/>
						<line hits="0" number="210"/>
						<line hits="0" number="212"/>
					</lines>
				</class>
			</classes>
		</package>
		<package branch-rate="0" complexity="0" line-rate="0.8974" name="fundamentals.download.tests">
			<classes>
				<class branch-rate="0" complexity="0" filename="fundamentals/download/tests/__init__.py" line-rate="1" name="__init__.py">
					<methods/>
					<lines/>
				</class>
				<class branch-rate="0" complexity="0" filename="fundamentals/download/tests/test__dump_files_to_local_drive.py" line-rate="0.9615" name="test__dump_files_to_local_drive.py">
					<methods/>
					<lines>
						<line hits="1" number="1"/>
						<line hits="1" number="2"/>
						<line hits="1" number="3"/>
						<line hits="1" number="4"/>
						<line hits="1" number="5"/>
						<line hits="1" number="6"/>
						<line hits="1" number="7"/>
						<line hits="1" number="8"/>
						<line hits="1" number="9"/>
						<line hits="1" number="10"/>
						<line hits="1" number="11"/>
						<line hits="1" number="13"/>
						<line hits="1" number="14"/>
						<line hits="1" number="16"/>
						<line hits="1" number="24"/>
						<line hits="1" number="27"/>
						<line hits="1" number="28"/>
						<line hits="1" number="29"/>
						<line hits="1" number="30"/>
						<line hits="1" number="32"/>
						<line hits="1" number="33"/>
						<line hits="1" number="34"/>
						<line hits="1" number="35"/>
						<line hits="1" number="37"/>
						<line hits="1" number="40"/>
						<line hits="0" number="41"/>
					</lines>
				</class>
				<class branch-rate="0" complexity="0" filename="fundamentals/download/tests/test__fetch.py" line-rate="0.8846" name="test__fetch.py">
					<methods/>
					<lines>
						<line hits="1" number="1"/>
						<line hits="1" number="2"/>
						<line hits="1" number="3"/>
						<line hits="1" number="4"/>
						<line hits="1" number="5"/>
						<line hits="1" number="6"/>
						<line hits="1" number="7"/>
						<line hits="1" number="8"/>
						<line hits="1" number="9"/>
						<line hits="1" number="10"/>
						<line hits="1" number="11"/>
						<line hits="1" number="13"/>
						<line hits="1" number="14"/>
						<line hits="1" number="16"/>
						<line hits="1" number="24"/>
						<line hits="1" number="27"/>
						<line hits="1" number="28"/>
						<line hits="1" number="29"/>
						<line hits="1" number="30"/>
						<line hits="1" number="32"/>
						<line hits="1" number="33"/>
						<line hits="0" number="34"/>
						<line hits="0" number="35"/>
						<line hits="1" number="37"/>
						<line hits="1" number="40"/>
						<line hits="0" number="41"/>
					</lines>
				</class>
				<class branch-rate="0" complexity="0" filename="fundamentals/download/tests/test_append_now_datestamp_to_filename.py" line-rate="0.8846" name="test_append_now_datestamp_to_filename.py">
					<methods/>
					<lines>
						<line hits="1" number="1"/>
						<line hits="1" number="2"/>
						<line hits="1" number="3"/>
						<line hits="1" number="4"/>
						<line hits="1" number="5"/>
						<line hits="1" number="6"/>
						<line hits="1" number="7"/>
						<line hits="1" number="8"/>
						<line hits="1" number="9"/>
						<line hits="1" number="10"/>
						<line hits="1" number="11"/>
						<line hits="1" number="13"/>
						<line hits="1" number="14"/>
						<line hits="1" number="16"/>
						<line hits="1" number="24"/>
						<line hits="1" number="27"/>
						<line hits="1" number="28"/>
						<line hits="1" number="29"/>
						<line hits="1" number="30"/>
						<line hits="1" number="32"/>
						<line hits="1" number="33"/>
						<line hits="0" number="34"/>
						<line hits="0" number="35"/>
						<line hits="1" number="37"/>
						<line hits="1" number="40"/>
						<line hits="0" number="41"/>
					</lines>
				</class>
				<class branch-rate="0" complexity="0" filename="fundamentals/download/tests/test_extract_filename_from_url.py" line-rate="0.8846" name="test_extract_filename_from_url.py">
					<methods/>
					<lines>
						<line hits="1" number="1"/>
						<line hits="1" number="2"/>
						<line hits="1" number="3"/>
						<line hits="1" number="4"/>
						<line hits="1" number="5"/>
						<line hits="1" number="6"/>
						<line hits="1" number="7"/>
						<line hits="1" number="8"/>
						<line hits="1" number="9"/>
						<line hits="1" number="10"/>
						<line hits="1" number="11"/>
						<line hits="1" number="13"/>
						<line hits="1" number="14"/>
						<line hits="1" number="16"/>
						<line hits="1" number="24"/>
						<line hits="1" number="27"/>
						<line hits="1" number="28"/>
						<line hits="1" number="29"/>
						<line hits="1" number="30"/>
						<line hits="1" number="32"/>
						<line hits="1" number="33"/>
						<line hits="0" number="34"/>
						<line hits="0" number="35"/>
						<line hits="1" number="37"/>
						<line hits="1" number="40"/>
						<line hits="0" number="41"/>
					</lines>
				</class>
				<class branch-rate="0" complexity="0" filename="fundamentals/download/tests/test_get_now_datetime_filestamp.py" line-rate="0.8846" name="test_get_now_datetime_filestamp.py">
					<methods/>
					<lines>
						<line hits="1" number="1"/>
						<line hits="1" number="2"/>
						<line hits="1" number="3"/>
						<line hits="1" number="4"/>
						<line hits="1" number="5"/>
						<line hits="1" number="6"/>
						<line hits="1" number="7"/>
						<line hits="1" number="8"/>
						<line hits="1" number="9"/>
						<line hits="1" number="10"/>
						<line hits="1" number="11"/>
						<line hits="1" number="13"/>
						<line hits="1" number="14"/>
						<line hits="1" number="16"/>
						<line hits="1" number="24"/>
						<line hits="1" number="27"/>
						<line hits="1" number="28"/>
						<line hits="1" number="29"/>
						<line hits="1" number="30"/>
						<line hits="1" number="32"/>
						<line hits="1" number="33"/>
						<line hits="0" number="34"/>
						<line hits="0" number="35"/>
						<line hits="1" number="37"/>
						<line hits="1" number="40"/>
						<line hits="0" number="41"/>
					</lines>
				</class>
				<class branch-rate="0" complexity="0" filename="fundamentals/download/tests/test_multiobject_download.py" line-rate="0.8846" name="test_multiobject_download.py">
					<methods/>
					<lines>
						<line hits="1" number="1"/>
						<line hits="1" number="2"/>
						<line hits="1" number="3"/>
						<line hits="1" number="4"/>
						<line hits="1" number="5"/>
						<line hits="1" number="6"/>
						<line hits="1" number="7"/>
						<line hits="1" number="8"/>
						<line hits="1" number="9"/>
						<line hits="1" number="10"/>
						<line hits="1" number="11"/>
						<line hits="1" number="13"/>
						<line hits="1" number="14"/>
						<line hits="1" number="16"/>
						<line hits="1" number="24"/>
						<line hits="1" number="27"/>
						<line hits="1" number="28"/>
						<line hits="1" number="29"/>
						<line hits="1" number="30"/>
						<line hits="1" number="32"/>
						<line hits="1" number="33"/>
						<line hits="0" number="34"/>
						<line hits="0" number="35"/>
						<line hits="1" number="37"/>
						<line hits="1" number="40"/>
						<line hits="0" number="41"/>
					</lines>
				</class>
			</classes>
		</package>
		<package branch-rate="0" complexity="0" line-rate="0.9086" name="fundamentals.files">
			<classes>
				<class branch-rate="0" complexity="0" filename="fundamentals/files/__init__.py" line-rate="1" name="__init__.py">
					<methods/>
					<lines>
						<line hits="1" number="4"/>
						<line hits="1" number="5"/>
						<line hits="1" number="6"/>
						<line hits="1" number="7"/>
						<line hits="1" number="8"/>
					</lines>
				</class>
				<class branch-rate="0" complexity="0" filename="fundamentals/files/fileChunker.py" line-rate="0.8889" name="fileChunker.py">
					<methods/>
					<lines>
						<line hits="1" number="3"/>
						<line hits="1" number="9"/>
						<line hits="1" number="10"/>
						<line hits="1" number="11"/>
						<line hits="1" number="12"/>
						<line hits="1" number="13"/>
						<line hits="1" number="14"/>
						<line hits="1" number="15"/>
						<line hits="1" number="17"/>
						<line hits="1" number="45"/>
						<line hits="1" number="46"/>
						<line hits="1" number="47"/>
						<line hits="1" number="49"/>
						<line hits="1" number="50"/>
						<line hits="0" number="52"/>
						<line hits="0" number="53"/>
						<line hits="0" number="54"/>
						<line hits="1" number="56"/>
						<line hits="1" number="58"/>
						<line hits="1" number="59"/>
						<line hits="1" number="60"/>
						<line hits="1" number="61"/>
						<line hits="1" number="62"/>
						<line hits="1" number="63"/>
						<line hits="1" number="64"/>
						<line hits="1" number="65"/>
						<line hits="1" number="67"/>
					</lines>
				</class>
				<class branch-rate="0" complexity="0" filename="fundamentals/files/list_of_dictionaries_to_mysql_inserts.py" line-rate="0.9524" name="list_of_dictionaries_to_mysql_inserts.py">
					<methods/>
					<lines>
						<line hits="1" number="3"/>
						<line hits="1" number="9"/>
						<line hits="1" number="10"/>
						<line hits="1" number="11"/>
						<line hits="1" number="12"/>
						<line hits="1" number="13"/>
						<line hits="1" number="14"/>
						<line hits="1" number="15"/>
						<line hits="1" number="16"/>
						<line hits="1" number="17"/>
						<line hits="1" number="19"/>
						<line hits="1" number="58"/>
						<line hits="1" number="60"/>
						<line hits="0" number="61"/>
						<line hits="1" number="63"/>
						<line hits="1" number="65"/>
						<line hits="1" number="66"/>
						<line hits="1" number="76"/>
						<line hits="1" number="78"/>
						<line hits="1" number="80"/>
						<line hits="1" number="81"/>
					</lines>
				</class>
				<class branch-rate="0" complexity="0" filename="fundamentals/files/recursive_directory_listing.py" line-rate="0.9459" name="recursive_directory_listing.py">
					<methods/>
					<lines>
						<line hits="1" number="3"/>
						<line hits="1" number="9"/>
						<line hits="1" number="10"/>
						<line hits="1" number="11"/>
						<line hits="1" number="12"/>
						<line hits="1" number="15"/>
						<line hits="1" number="65"/>
						<line hits="1" number="68"/>
						<line hits="1" number="69"/>
						<line hits="1" number="71"/>
						<line hits="1" number="72"/>
						<line hits="1" number="73"/>
						<line hits="1" number="75"/>
						<line hits="1" number="76"/>
						<line hits="1" number="77"/>
						<line hits="1" number="78"/>
						<line hits="1" number="79"/>
						<line hits="1" number="80"/>
						<line hits="1" number="81"/>
						<line hits="1" number="82"/>
						<line hits="1" number="84"/>
						<line hits="1" number="85"/>
						<line hits="1" number="87"/>
						<line hits="1" number="88"/>
						<line hits="1" number="89"/>
						<line hits="1" number="90"/>
						<line hits="1" number="91"/>
						<line hits="1" number="92"/>
						<line hits="0" number="94"/>
						<line hits="0" number="96"/>
						<line hits="1" number="98"/>
						<line hits="1" number="99"/>
						<line hits="1" number="102"/>
						<line hits="1" number="103"/>
						<line hits="1" number="105"/>
						<line hits="1" number="107"/>
						<line hits="1" number="108"/>
					</lines>
				</class>
				<class branch-rate="0" complexity="0" filename="fundamentals/files/tag.py" line-rate="0.8824" name="tag.py">
					<methods/>
					<lines>
						<line hits="1" number="3"/>
						<line hits="1" number="9"/>
						<line hits="1" number="10"/>
						<line hits="1" number="11"/>
						<line hits="1" number="12"/>
						<line hits="1" number="13"/>
						<line hits="1" number="14"/>
						<line hits="1" number="15"/>
						<line hits="1" number="17"/>
						<line hits="1" number="55"/>
						<line hits="1" number="57"/>
						<line hits="0" number="58"/>
						<line hits="1" number="60"/>
						<line hits="1" number="61"/>
						<line hits="1" number="62"/>
						<line hits="1" number="65"/>
						<line hits="1" number="66"/>
						<line hits="1" number="67"/>
						<line hits="1" number="68"/>
						<line hits="1" number="70"/>
						<line hits="1" number="71"/>
						<line hits="0" number="73"/>
						<line hits="0" number="74"/>
						<line hits="0" number="75"/>
						<line hits="1" number="76"/>
						<line hits="1" number="83"/>
						<line hits="1" number="86"/>
						<line hits="1" number="88"/>
						<line hits="1" number="89"/>
						<line hits="1" number="90"/>
						<line hits="1" number="91"/>
						<line hits="1" number="94"/>
						<line hits="1" number="96"/>
						<line hits="1" number="97"/>
						<line hits="1" number="98"/>
						<line hits="1" number="99"/>
						<line hits="1" number="102"/>
						<line hits="1" number="104"/>
						<line hits="1" number="106"/>
						<line hits="1" number="107"/>
						<line hits="1" number="111"/>
						<line hits="1" number="113"/>
						<line hits="1" number="114"/>
						<line hits="1" number="115"/>
						<line hits="1" number="116"/>
						<line hits="1" number="117"/>
						<line hits="1" number="119"/>
						<line hits="1" number="120"/>
						<line hits="1" number="121"/>
						<line hits="1" number="122"/>
						<line hits="1" number="124"/>
						<line hits="1" number="126"/>
						<line hits="1" number="127"/>
						<line hits="1" number="130"/>
						<line hits="1" number="131"/>
						<line hits="1" number="132"/>
						<line hits="1" number="134"/>
						<line hits="1" number="135"/>
						<line hits="0" number="137"/>
						<line hits="0" number="138"/>
						<line hits="0" number="139"/>
						<line hits="1" number="140"/>
						<line hits="1" number="145"/>
						<line hits="1" number="148"/>
						<line hits="1" number="152"/>
						<line hits="1" number="153"/>
						<line hits="1" number="154"/>
						<line hits="1" number="155"/>
						<line hits="1" number="157"/>
						<line hits="1" number="158"/>
						<line hits="1" number="159"/>
						<line hits="1" number="161"/>
						<line hits="1" number="162"/>
						<line hits="0" number="164"/>
						<line hits="0" number="165"/>
						<line hits="0" number="166"/>
						<line hits="1" number="167"/>
						<line hits="1" number="174"/>
						<line hits="1" number="177"/>
						<line hits="1" number="179"/>
						<line hits="1" number="180"/>
						<line hits="1" number="181"/>
						<line hits="1" number="182"/>
						<line hits="1" number="187"/>
						<line hits="1" number="188"/>
					</lines>
				</class>
			</classes>
		</package>
		<package branch-rate="0" complexity="0" line-rate="0.9116" name="fundamentals.files.tests">
			<classes>
				<class branch-rate="0" complexity="0" filename="fundamentals/files/tests/test_fileChunker.py" line-rate="0.9697" name="test_fileChunker.py">
					<methods/>
					<lines>
						<line hits="1" number="1"/>
						<line hits="1" number="2"/>
						<line hits="1" number="3"/>
						<line hits="1" number="4"/>
						<line hits="1" number="5"/>
						<line hits="1" number="6"/>
						<line hits="1" number="7"/>
						<line hits="1" number="8"/>
						<line hits="1" number="9"/>
						<line hits="1" number="10"/>
						<line hits="1" number="11"/>
						<line hits="1" number="13"/>
						<line hits="1" number="14"/>
						<line hits="1" number="16"/>
						<line hits="1" number="24"/>
						<line hits="1" number="27"/>
						<line hits="1" number="28"/>
						<line hits="1" number="29"/>
						<line hits="1" number="30"/>
						<line hits="1" number="32"/>
						<line hits="1" number="33"/>
						<line hits="1" number="34"/>
						<line hits="1" number="35"/>
						<line hits="1" number="37"/>
						<line hits="1" number="40"/>
						<line hits="0" number="41"/>
						<line hits="1" number="43"/>
						<line hits="1" number="45"/>
						<line hits="1" number="47"/>
						<line hits="1" number="49"/>
						<line hits="1" number="50"/>
						<line hits="1" number="54"/>
						<line hits="1" number="55"/>
					</lines>
				</class>
				<class branch-rate="0" complexity="0" filename="fundamentals/files/tests/test_list_of_dictionaries_to_mysql_inserts.py" line-rate="0.881" name="test_list_of_dictionaries_to_mysql_inserts.py">
					<methods/>
					<lines>
						<line hits="1" number="1"/>
						<line hits="1" number="2"/>
						<line hits="1" number="3"/>
						<line hits="1" number="4"/>
						<line hits="1" number="5"/>
						<line hits="1" number="6"/>
						<line hits="1" number="7"/>
						<line hits="1" number="8"/>
						<line hits="1" number="9"/>
						<line hits="1" number="10"/>
						<line hits="1" number="11"/>
						<line hits="1" number="12"/>
						<line hits="1" number="14"/>
						<line hits="1" number="15"/>
						<line hits="1" number="17"/>
						<line hits="1" number="25"/>
						<line hits="1" number="28"/>
						<line hits="1" number="29"/>
						<line hits="1" number="30"/>
						<line hits="1" number="31"/>
						<line hits="1" number="33"/>
						<line hits="1" number="34"/>
						<line hits="0" number="35"/>
						<line hits="0" number="36"/>
						<line hits="1" number="38"/>
						<line hits="1" number="41"/>
						<line hits="0" number="42"/>
						<line hits="1" number="44"/>
						<line hits="1" number="46"/>
						<line hits="1" number="48"/>
						<line hits="1" number="50"/>
						<line hits="1" number="52"/>
						<line hits="1" number="53"/>
						<line hits="1" number="59"/>
						<line hits="1" number="61"/>
						<line hits="1" number="62"/>
						<line hits="1" number="63"/>
						<line hits="0" number="68"/>
						<line hits="0" number="69"/>
						<line hits="1" number="70"/>
						<line hits="1" number="71"/>
						<line hits="1" number="72"/>
					</lines>
				</class>
				<class branch-rate="0" complexity="0" filename="fundamentals/files/tests/test_recursive_directory_listing.py" line-rate="0.9118" name="test_recursive_directory_listing.py">
					<methods/>
					<lines>
						<line hits="1" number="1"/>
						<line hits="1" number="2"/>
						<line hits="1" number="3"/>
						<line hits="1" number="4"/>
						<line hits="1" number="5"/>
						<line hits="1" number="6"/>
						<line hits="1" number="7"/>
						<line hits="1" number="8"/>
						<line hits="1" number="9"/>
						<line hits="1" number="10"/>
						<line hits="1" number="11"/>
						<line hits="1" number="13"/>
						<line hits="1" number="14"/>
						<line hits="1" number="16"/>
						<line hits="1" number="24"/>
						<line hits="1" number="27"/>
						<line hits="1" number="28"/>
						<line hits="1" number="29"/>
						<line hits="1" number="30"/>
						<line hits="1" number="32"/>
						<line hits="1" number="33"/>
						<line hits="0" number="34"/>
						<line hits="0" number="35"/>
						<line hits="1" number="37"/>
						<line hits="1" number="40"/>
						<line hits="0" number="41"/>
						<line hits="1" number="43"/>
						<line hits="1" number="45"/>
						<line hits="1" number="47"/>
						<line hits="1" number="48"/>
						<line hits="1" number="55"/>
						<line hits="1" number="56"/>
						<line hits="1" number="63"/>
						<line hits="1" number="64"/>
					</lines>
				</class>
				<class branch-rate="0" complexity="0" filename="fundamentals/files/tests/test_tag.py" line-rate="0.8947" name="test_tag.py">
					<methods/>
					<lines>
						<line hits="1" number="1"/>
						<line hits="1" number="2"/>
						<line hits="1" number="3"/>
						<line hits="1" number="4"/>
						<line hits="1" number="5"/>
						<line hits="1" number="6"/>
						<line hits="1" number="7"/>
						<line hits="1" number="8"/>
						<line hits="1" number="9"/>
						<line hits="1" number="10"/>
						<line hits="1" number="11"/>
						<line hits="1" number="13"/>
						<line hits="1" number="14"/>
						<line hits="1" number="16"/>
						<line hits="1" number="24"/>
						<line hits="1" number="27"/>
						<line hits="1" number="28"/>
						<line hits="1" number="29"/>
						<line hits="1" number="30"/>
						<line hits="1" number="32"/>
						<line hits="1" number="33"/>
						<line hits="0" number="34"/>
						<line hits="0" number="35"/>
						<line hits="1" number="37"/>
						<line hits="1" number="40"/>
						<line hits="0" number="41"/>
						<line hits="1" number="45"/>
						<line hits="1" number="47"/>
						<line hits="1" number="49"/>
						<line hits="1" number="50"/>
						<line hits="1" number="58"/>
						<line hits="1" number="60"/>
						<line hits="1" number="61"/>
						<line hits="1" number="62"/>
						<line hits="0" number="66"/>
						<line hits="1" number="67"/>
						<line hits="1" number="68"/>
						<line hits="1" number="69"/>
					</lines>
				</class>
			</classes>
		</package>
		<package branch-rate="0" complexity="0" line-rate="0.6164" name="fundamentals.mysql">
			<classes>
				<class branch-rate="0" complexity="0" filename="fundamentals/mysql/__init__.py" line-rate="1" name="__init__.py">
					<methods/>
					<lines>
						<line hits="1" number="4"/>
						<line hits="1" number="5"/>
						<line hits="1" number="6"/>
						<line hits="1" number="7"/>
						<line hits="1" number="8"/>
						<line hits="1" number="9"/>
						<line hits="1" number="10"/>
						<line hits="1" number="11"/>
						<line hits="1" number="12"/>
						<line hits="1" number="13"/>
						<line hits="1" number="14"/>
						<line hits="1" number="15"/>
					</lines>
				</class>
				<class branch-rate="0" complexity="0" filename="fundamentals/mysql/convert_dictionary_to_mysql_table.py" line-rate="0.7355" name="convert_dictionary_to_mysql_table.py">
					<methods/>
					<lines>
						<line hits="1" number="3"/>
						<line hits="1" number="9"/>
						<line hits="1" number="10"/>
						<line hits="1" number="11"/>
						<line hits="1" number="12"/>
						<line hits="1" number="13"/>
						<line hits="1" number="14"/>
						<line hits="1" number="15"/>
						<line hits="1" number="16"/>
						<line hits="1" number="17"/>
						<line hits="1" number="18"/>
						<line hits="1" number="19"/>
						<line hits="1" number="20"/>
						<line hits="1" number="21"/>
						<line hits="1" number="22"/>
						<line hits="1" number="25"/>
						<line hits="1" number="130"/>
						<line hits="1" number="132"/>
						<line hits="1" number="133"/>
						<line hits="1" number="135"/>
						<line hits="1" number="136"/>
						<line hits="1" number="138"/>
						<line hits="1" number="140"/>
						<line hits="1" number="142"/>
						<line hits="0" number="143"/>
						<line hits="0" number="144"/>
						<line hits="0" number="145"/>
						<line hits="1" number="147"/>
						<line hits="0" number="148"/>
						<line hits="0" number="149"/>
						<line hits="0" number="150"/>
						<line hits="1" number="152"/>
						<line hits="0" number="153"/>
						<line hits="0" number="154"/>
						<line hits="0" number="155"/>
						<line hits="1" number="157"/>
						<line hits="1" number="158"/>
						<line hits="0" number="159"/>
						<line hits="0" number="160"/>
						<line hits="0" number="161"/>
						<line hits="1" number="163"/>
						<line hits="1" number="165"/>
						<line hits="0" number="166"/>
						<line hits="0" number="167"/>
						<line hits="0" number="169"/>
						<line hits="1" number="170"/>
						<line hits="1" number="171"/>
						<line hits="0" number="172"/>
						<line hits="0" number="173"/>
						<line hits="0" number="175"/>
						<line hits="1" number="177"/>
						<line hits="0" number="178"/>
						<line hits="0" number="179"/>
						<line hits="0" number="181"/>
						<line hits="0" number="183"/>
						<line hits="1" number="185"/>
						<line hits="0" number="186"/>
						<line hits="0" number="187"/>
						<line hits="0" number="188"/>
						<line hits="1" number="191"/>
						<line hits="1" number="192"/>
						<line hits="0" number="198"/>
						<line hits="1" number="201"/>
						<line hits="0" number="202"/>
						<line hits="0" number="211"/>
						<line hits="1" number="218"/>
						<line hits="1" number="219"/>
						<line hits="1" number="220"/>
						<line hits="1" number="221"/>
						<line hits="1" number="224"/>
						<line hits="1" number="225"/>
						<line hits="1" number="227"/>
						<line hits="1" number="228"/>
						<line hits="1" number="230"/>
						<line hits="1" number="234"/>
						<line hits="1" number="235"/>
						<line hits="1" number="236"/>
						<line hits="1" number="237"/>
						<line hits="0" number="238"/>
						<line hits="1" number="240"/>
						<line hits="1" number="241"/>
						<line hits="1" number="243"/>
						<line hits="1" number="245"/>
						<line hits="0" number="246"/>
						<line hits="1" number="247"/>
						<line hits="0" number="248"/>
						<line hits="1" number="250"/>
						<line hits="1" number="251"/>
						<line hits="1" number="254"/>
						<line hits="0" number="255"/>
						<line hits="0" number="256"/>
						<line hits="1" number="260"/>
						<line hits="1" number="261"/>
						<line hits="1" number="262"/>
						<line hits="1" number="263"/>
						<line hits="1" number="264"/>
						<line hits="0" number="265"/>
						<line hits="1" number="266"/>
						<line hits="1" number="267"/>
						<line hits="1" number="271"/>
						<line hits="1" number="272"/>
						<line hits="1" number="273"/>
						<line hits="1" number="274"/>
						<line hits="1" number="276"/>
						<line hits="1" number="278"/>
						<line hits="1" number="280"/>
						<line hits="1" number="283"/>
						<line hits="1" number="287"/>
						<line hits="0" number="292"/>
						<line hits="0" number="293"/>
						<line hits="1" number="296"/>
						<line hits="1" number="297"/>
						<line hits="1" number="299"/>
						<line hits="1" number="300"/>
						<line hits="1" number="301"/>
						<line hits="1" number="303"/>
						<line hits="1" number="304"/>
						<line hits="0" number="306"/>
						<line hits="1" number="307"/>
						<line hits="1" number="308"/>
						<line hits="1" number="309"/>
						<line hits="0" number="310"/>
						<line hits="1" number="311"/>
						<line hits="0" number="312"/>
						<line hits="0" number="313"/>
						<line hits="1" number="315"/>
						<line hits="1" number="316"/>
						<line hits="0" number="317"/>
						<line hits="0" number="318"/>
						<line hits="0" number="319"/>
						<line hits="0" number="320"/>
						<line hits="0" number="321"/>
						<line hits="0" number="322"/>
						<line hits="0" number="323"/>
						<line hits="0" number="324"/>
						<line hits="0" number="329"/>
						<line hits="0" number="330"/>
						<line hits="0" number="331"/>
						<line hits="1" number="332"/>
						<line hits="1" number="335"/>
						<line hits="1" number="336"/>
						<line hits="1" number="339"/>
						<line hits="1" number="340"/>
						<line hits="1" number="342"/>
						<line hits="0" number="348"/>
						<line hits="0" number="351"/>
						<line hits="1" number="354"/>
						<line hits="1" number="356"/>
						<line hits="1" number="357"/>
						<line hits="1" number="358"/>
						<line hits="1" number="360"/>
						<line hits="0" number="361"/>
						<line hits="1" number="362"/>
						<line hits="0" number="363"/>
						<line hits="1" number="365"/>
						<line hits="1" number="366"/>
						<line hits="1" number="367"/>
						<line hits="1" number="369"/>
						<line hits="1" number="371"/>
						<line hits="1" number="373"/>
						<line hits="1" number="380"/>
						<line hits="1" number="382"/>
						<line hits="1" number="383"/>
						<line hits="1" number="384"/>
						<line hits="1" number="386"/>
						<line hits="1" number="390"/>
						<line hits="1" number="396"/>
						<line hits="1" number="397"/>
						<line hits="1" number="398"/>
						<line hits="1" number="399"/>
						<line hits="1" number="402"/>
						<line hits="1" number="403"/>
						<line hits="1" number="404"/>
						<line hits="1" number="406"/>
						<line hits="1" number="407"/>
						<line hits="0" number="408"/>
						<line hits="0" number="409"/>
						<line hits="0" number="410"/>
						<line hits="1" number="412"/>
						<line hits="1" number="414"/>
						<line hits="1" number="415"/>
						<line hits="1" number="416"/>
						<line hits="1" number="417"/>
						<line hits="1" number="418"/>
						<line hits="1" number="419"/>
						<line hits="1" number="421"/>
						<line hits="0" number="422"/>
						<line hits="1" number="425"/>
						<line hits="1" number="428"/>
						<line hits="1" number="429"/>
						<line hits="1" number="432"/>
						<line hits="1" number="433"/>
						<line hits="1" number="435"/>
						<line hits="1" number="437"/>
						<line hits="1" number="438"/>
						<line hits="1" number="439"/>
						<line hits="1" number="440"/>
						<line hits="1" number="441"/>
						<line hits="1" number="442"/>
						<line hits="1" number="445"/>
						<line hits="1" number="446"/>
						<line hits="1" number="448"/>
						<line hits="1" number="449"/>
						<line hits="1" number="450"/>
						<line hits="1" number="451"/>
						<line hits="1" number="452"/>
						<line hits="1" number="453"/>
						<line hits="1" number="454"/>
						<line hits="1" number="456"/>
						<line hits="1" number="457"/>
						<line hits="1" number="458"/>
						<line hits="1" number="459"/>
						<line hits="1" number="460"/>
						<line hits="1" number="462"/>
						<line hits="1" number="463"/>
						<line hits="1" number="464"/>
						<line hits="1" number="465"/>
						<line hits="1" number="466"/>
						<line hits="1" number="468"/>
						<line hits="1" number="469"/>
						<line hits="1" number="471"/>
						<line hits="1" number="474"/>
						<line hits="1" number="478"/>
						<line hits="1" number="479"/>
						<line hits="1" number="482"/>
						<line hits="1" number="483"/>
						<line hits="1" number="484"/>
						<line hits="1" number="485"/>
						<line hits="1" number="486"/>
						<line hits="1" number="487"/>
						<line hits="1" number="490"/>
						<line hits="1" number="491"/>
						<line hits="1" number="493"/>
						<line hits="1" number="494"/>
						<line hits="1" number="497"/>
						<line hits="0" number="503"/>
						<line hits="0" number="504"/>
						<line hits="0" number="506"/>
						<line hits="0" number="507"/>
						<line hits="0" number="508"/>
						<line hits="1" number="510"/>
						<line hits="1" number="511"/>
					</lines>
				</class>
				<class branch-rate="0" complexity="0" filename="fundamentals/mysql/database.py" line-rate="0.5068" name="database.py">
					<methods/>
					<lines>
						<line hits="1" number="3"/>
						<line hits="1" number="9"/>
						<line hits="1" number="10"/>
						<line hits="1" number="11"/>
						<line hits="1" number="12"/>
						<line hits="1" number="13"/>
						<line hits="1" number="14"/>
						<line hits="1" number="15"/>
						<line hits="1" number="16"/>
						<line hits="1" number="17"/>
						<line hits="1" number="18"/>
						<line hits="1" number="19"/>
						<line hits="1" number="22"/>
						<line hits="1" number="72"/>
						<line hits="1" number="79"/>
						<line hits="1" number="80"/>
						<line hits="1" number="81"/>
						<line hits="1" number="82"/>
						<line hits="1" number="84"/>
						<line hits="1" number="86"/>
						<line hits="1" number="97"/>
						<line hits="1" number="99"/>
						<line hits="1" number="100"/>
						<line hits="1" number="102"/>
						<line hits="1" number="103"/>
						<line hits="0" number="104"/>
						<line hits="1" number="107"/>
						<line hits="0" number="108"/>
						<line hits="1" number="111"/>
						<line hits="1" number="112"/>
						<line hits="1" number="113"/>
						<line hits="1" number="114"/>
						<line hits="1" number="115"/>
						<line hits="1" number="128"/>
						<line hits="1" number="129"/>
						<line hits="1" number="131"/>
						<line hits="1" number="132"/>
						<line hits="1" number="134"/>
						<line hits="0" number="150"/>
						<line hits="0" number="153"/>
						<line hits="0" number="154"/>
						<line hits="0" number="156"/>
						<line hits="0" number="157"/>
						<line hits="0" number="160"/>
						<line hits="0" number="161"/>
						<line hits="0" number="162"/>
						<line hits="0" number="164"/>
						<line hits="0" number="165"/>
						<line hits="0" number="166"/>
						<line hits="0" number="167"/>
						<line hits="0" number="170"/>
						<line hits="0" number="171"/>
						<line hits="0" number="172"/>
						<line hits="0" number="173"/>
						<line hits="0" number="175"/>
						<line hits="0" number="176"/>
						<line hits="0" number="177"/>
						<line hits="0" number="178"/>
						<line hits="0" number="180"/>
						<line hits="0" number="181"/>
						<line hits="1" number="183"/>
						<line hits="0" number="186"/>
						<line hits="0" number="189"/>
						<line hits="0" number="190"/>
						<line hits="0" number="191"/>
						<line hits="0" number="193"/>
						<line hits="0" number="194"/>
						<line hits="0" number="195"/>
						<line hits="0" number="197"/>
						<line hits="0" number="198"/>
						<line hits="0" number="199"/>
						<line hits="0" number="201"/>
						<line hits="0" number="203"/>
					</lines>
				</class>
				<class branch-rate="0" complexity="0" filename="fundamentals/mysql/directory_script_runner.py" line-rate="0.6404" name="directory_script_runner.py">
					<methods/>
					<lines>
						<line hits="1" number="3"/>
						<line hits="1" number="42"/>
						<line hits="1" number="43"/>
						<line hits="1" number="44"/>
						<line hits="1" number="45"/>
						<line hits="1" number="46"/>
						<line hits="1" number="47"/>
						<line hits="1" number="48"/>
						<line hits="1" number="49"/>
						<line hits="1" number="50"/>
						<line hits="1" number="53"/>
						<line hits="1" number="152"/>
						<line hits="1" number="155"/>
						<line hits="1" number="156"/>
						<line hits="1" number="157"/>
						<line hits="1" number="158"/>
						<line hits="1" number="159"/>
						<line hits="1" number="160"/>
						<line hits="1" number="161"/>
						<line hits="1" number="163"/>
						<line hits="1" number="166"/>
						<line hits="1" number="169"/>
						<line hits="1" number="170"/>
						<line hits="0" number="172"/>
						<line hits="1" number="174"/>
						<line hits="1" number="175"/>
						<line hits="0" number="176"/>
						<line hits="0" number="177"/>
						<line hits="0" number="183"/>
						<line hits="0" number="184"/>
						<line hits="0" number="186"/>
						<line hits="0" number="187"/>
						<line hits="0" number="189"/>
						<line hits="0" number="190"/>
						<line hits="1" number="196"/>
						<line hits="1" number="197"/>
						<line hits="1" number="198"/>
						<line hits="1" number="199"/>
						<line hits="1" number="201"/>
						<line hits="1" number="203"/>
						<line hits="1" number="205"/>
						<line hits="1" number="206"/>
						<line hits="1" number="208"/>
						<line hits="0" number="210"/>
						<line hits="1" number="211"/>
						<line hits="0" number="217"/>
						<line hits="0" number="218"/>
						<line hits="0" number="220"/>
						<line hits="0" number="221"/>
						<line hits="1" number="224"/>
						<line hits="1" number="225"/>
						<line hits="1" number="228"/>
						<line hits="1" number="260"/>
						<line hits="1" number="262"/>
						<line hits="1" number="264"/>
						<line hits="1" number="266"/>
						<line hits="1" number="267"/>
						<line hits="1" number="268"/>
						<line hits="1" number="269"/>
						<line hits="1" number="270"/>
						<line hits="1" number="271"/>
						<line hits="1" number="272"/>
						<line hits="0" number="273"/>
						<line hits="0" number="274"/>
						<line hits="0" number="275"/>
						<line hits="0" number="276"/>
						<line hits="1" number="278"/>
						<line hits="1" number="281"/>
						<line hits="1" number="282"/>
						<line hits="1" number="287"/>
						<line hits="1" number="288"/>
						<line hits="1" number="289"/>
						<line hits="1" number="291"/>
						<line hits="1" number="292"/>
						<line hits="1" number="295"/>
						<line hits="1" number="322"/>
						<line hits="1" number="324"/>
						<line hits="1" number="326"/>
						<line hits="0" number="327"/>
						<line hits="1" number="328"/>
						<line hits="0" number="329"/>
						<line hits="1" number="330"/>
						<line hits="1" number="331"/>
						<line hits="1" number="333"/>
						<line hits="1" number="334"/>
						<line hits="1" number="335"/>
						<line hits="1" number="336"/>
						<line hits="1" number="337"/>
						<line hits="1" number="339"/>
						<line hits="0" number="340"/>
						<line hits="0" number="341"/>
						<line hits="1" number="344"/>
						<line hits="1" number="345"/>
						<line hits="1" number="351"/>
						<line hits="0" number="357"/>
						<line hits="0" number="364"/>
						<line hits="0" number="368"/>
						<line hits="0" number="369"/>
						<line hits="0" number="370"/>
						<line hits="0" number="372"/>
						<line hits="0" number="373"/>
						<line hits="0" number="374"/>
						<line hits="0" number="376"/>
						<line hits="0" number="377"/>
						<line hits="0" number="378"/>
						<line hits="0" number="379"/>
						<line hits="0" number="381"/>
						<line hits="0" number="382"/>
						<line hits="0" number="383"/>
						<line hits="0" number="384"/>
						<line hits="0" number="386"/>
						<line hits="0" number="395"/>
						<line hits="1" number="397"/>
						<line hits="0" number="398"/>
					</lines>
				</class>
				<class branch-rate="0" complexity="0" filename="fundamentals/mysql/get_database_table_column_names.py" line-rate="0.8333" name="get_database_table_column_names.py">
					<methods/>
					<lines>
						<line hits="1" number="3"/>
						<line hits="1" number="9"/>
						<line hits="1" number="10"/>
						<line hits="1" number="11"/>
						<line hits="1" number="12"/>
						<line hits="1" number="13"/>
						<line hits="1" number="14"/>
						<line hits="1" number="16"/>
						<line hits="1" number="49"/>
						<line hits="1" number="51"/>
						<line hits="1" number="54"/>
						<line hits="1" number="55"/>
						<line hits="0" number="60"/>
						<line hits="0" number="61"/>
						<line hits="0" number="64"/>
						<line hits="1" number="65"/>
						<line hits="1" number="67"/>
						<line hits="1" number="68"/>
					</lines>
				</class>
				<class branch-rate="0" complexity="0" filename="fundamentals/mysql/insert_list_of_dictionaries_into_database_tables.py" line-rate="0.3624" name="insert_list_of_dictionaries_into_database_tables.py">
					<methods/>
					<lines>
						<line hits="1" number="3"/>
						<line hits="1" number="9"/>
						<line hits="1" number="10"/>
						<line hits="1" number="11"/>
						<line hits="1" number="12"/>
						<line hits="1" number="13"/>
						<line hits="1" number="14"/>
						<line hits="1" number="15"/>
						<line hits="1" number="16"/>
						<line hits="1" number="17"/>
						<line hits="1" number="18"/>
						<line hits="1" number="19"/>
						<line hits="1" number="20"/>
						<line hits="1" number="21"/>
						<line hits="1" number="22"/>
						<line hits="1" number="23"/>
						<line hits="1" number="26"/>
						<line hits="1" number="27"/>
						<line hits="1" number="28"/>
						<line hits="1" number="29"/>
						<line hits="1" number="32"/>
						<line hits="1" number="81"/>
						<line hits="1" number="89"/>
						<line hits="1" number="91"/>
						<line hits="1" number="92"/>
						<line hits="0" number="94"/>
						<line hits="1" number="96"/>
						<line hits="1" number="97"/>
						<line hits="1" number="99"/>
						<line hits="1" number="101"/>
						<line hits="1" number="123"/>
						<line hits="1" number="133"/>
						<line hits="1" number="135"/>
						<line hits="1" number="137"/>
						<line hits="1" number="139"/>
						<line hits="1" number="140"/>
						<line hits="1" number="142"/>
						<line hits="1" number="143"/>
						<line hits="1" number="144"/>
						<line hits="1" number="145"/>
						<line hits="1" number="146"/>
						<line hits="1" number="147"/>
						<line hits="1" number="148"/>
						<line hits="1" number="149"/>
						<line hits="1" number="151"/>
						<line hits="1" number="152"/>
						<line hits="1" number="154"/>
						<line hits="1" number="156"/>
						<line hits="0" number="157"/>
						<line hits="1" number="171"/>
						<line hits="1" number="175"/>
						<line hits="1" number="176"/>
						<line hits="1" number="178"/>
						<line hits="1" number="180"/>
						<line hits="1" number="183"/>
						<line hits="0" number="219"/>
						<line hits="0" number="225"/>
						<line hits="0" number="227"/>
						<line hits="0" number="229"/>
						<line hits="0" number="232"/>
						<line hits="0" number="238"/>
						<line hits="0" number="240"/>
						<line hits="0" number="241"/>
						<line hits="0" number="242"/>
						<line hits="0" number="243"/>
						<line hits="0" number="245"/>
						<line hits="0" number="246"/>
						<line hits="0" number="248"/>
						<line hits="0" number="249"/>
						<line hits="0" number="251"/>
						<line hits="0" number="253"/>
						<line hits="0" number="254"/>
						<line hits="0" number="255"/>
						<line hits="0" number="257"/>
						<line hits="0" number="259"/>
						<line hits="0" number="260"/>
						<line hits="0" number="262"/>
						<line hits="0" number="263"/>
						<line hits="0" number="267"/>
						<line hits="0" number="268"/>
						<line hits="0" number="271"/>
						<line hits="0" number="272"/>
						<line hits="0" number="273"/>
						<line hits="0" number="274"/>
						<line hits="0" number="275"/>
						<line hits="0" number="276"/>
						<line hits="0" number="278"/>
						<line hits="0" number="280"/>
						<line hits="0" number="281"/>
						<line hits="0" number="282"/>
						<line hits="0" number="284"/>
						<line hits="0" number="287"/>
						<line hits="0" number="288"/>
						<line hits="0" number="295"/>
						<line hits="0" number="296"/>
						<line hits="0" number="297"/>
						<line hits="0" number="298"/>
						<line hits="0" number="310"/>
						<line hits="0" number="312"/>
						<line hits="0" number="315"/>
						<line hits="0" number="323"/>
						<line hits="0" number="324"/>
						<line hits="0" number="325"/>
						<line hits="0" number="336"/>
						<line hits="0" number="338"/>
						<line hits="0" number="340"/>
						<line hits="0" number="341"/>
						<line hits="1" number="344"/>
						<line hits="0" number="377"/>
						<line hits="0" number="378"/>
						<line hits="0" number="379"/>
						<line hits="0" number="380"/>
						<line hits="0" number="381"/>
						<line hits="0" number="385"/>
						<line hits="0" number="387"/>
						<line hits="0" number="388"/>
						<line hits="0" number="389"/>
						<line hits="0" number="390"/>
						<line hits="0" number="393"/>
						<line hits="0" number="398"/>
						<line hits="0" number="399"/>
						<line hits="0" number="402"/>
						<line hits="0" number="403"/>
						<line hits="0" number="409"/>
						<line hits="0" number="410"/>
						<line hits="0" number="411"/>
						<line hits="0" number="412"/>
						<line hits="0" number="414"/>
						<line hits="0" number="415"/>
						<line hits="0" number="416"/>
						<line hits="0" number="419"/>
						<line hits="0" number="425"/>
						<line hits="0" number="431"/>
						<line hits="0" number="432"/>
						<line hits="0" number="433"/>
						<line hits="0" number="434"/>
						<line hits="0" number="435"/>
						<line hits="0" number="437"/>
						<line hits="0" number="439"/>
						<line hits="0" number="443"/>
						<line hits="0" number="449"/>
						<line hits="0" number="450"/>
						<line hits="0" number="456"/>
						<line hits="0" number="457"/>
						<line hits="0" number="458"/>
						<line hits="0" number="459"/>
						<line hits="0" number="461"/>
						<line hits="0" number="463"/>
						<line hits="0" number="465"/>
					</lines>
				</class>
				<class branch-rate="0" complexity="0" filename="fundamentals/mysql/readquery.py" line-rate="0.7556" name="readquery.py">
					<methods/>
					<lines>
						<line hits="1" number="3"/>
						<line hits="1" number="9"/>
						<line hits="1" number="10"/>
						<line hits="1" number="11"/>
						<line hits="1" number="12"/>
						<line hits="1" number="13"/>
						<line hits="1" number="16"/>
						<line hits="1" number="49"/>
						<line hits="1" number="50"/>
						<line hits="1" number="51"/>
						<line hits="1" number="52"/>
						<line hits="1" number="54"/>
						<line hits="1" number="56"/>
						<line hits="1" number="58"/>
						<line hits="1" number="59"/>
						<line hits="0" number="60"/>
						<line hits="0" number="61"/>
						<line hits="0" number="62"/>
						<line hits="1" number="64"/>
						<line hits="1" number="65"/>
						<line hits="1" number="66"/>
						<line hits="1" number="67"/>
						<line hits="1" number="68"/>
						<line hits="1" number="69"/>
						<line hits="1" number="70"/>
						<line hits="1" number="71"/>
						<line hits="0" number="72"/>
						<line hits="0" number="73"/>
						<line hits="0" number="74"/>
						<line hits="0" number="75"/>
						<line hits="0" number="77"/>
						<line hits="0" number="78"/>
						<line hits="1" number="79"/>
						<line hits="1" number="80"/>
						<line hits="1" number="81"/>
						<line hits="1" number="82"/>
						<line hits="1" number="84"/>
						<line hits="1" number="86"/>
						<line hits="1" number="88"/>
						<line hits="1" number="91"/>
						<line hits="1" number="92"/>
						<line hits="0" number="93"/>
						<line hits="0" number="94"/>
						<line hits="1" number="96"/>
						<line hits="1" number="97"/>
					</lines>
				</class>
				<class branch-rate="0" complexity="0" filename="fundamentals/mysql/setup_database_connection.py" line-rate="0.7667" name="setup_database_connection.py">
					<methods/>
					<lines>
						<line hits="1" number="3"/>
						<line hits="1" number="9"/>
						<line hits="1" number="10"/>
						<line hits="1" number="11"/>
						<line hits="1" number="12"/>
						<line hits="1" number="13"/>
						<line hits="1" number="14"/>
						<line hits="0" number="15"/>
						<line hits="0" number="16"/>
						<line hits="1" number="17"/>
						<line hits="1" number="18"/>
						<line hits="1" number="21"/>
						<line hits="1" number="58"/>
						<line hits="1" number="59"/>
						<line hits="1" number="60"/>
						<line hits="1" number="61"/>
						<line hits="1" number="64"/>
						<line hits="1" number="65"/>
						<line hits="1" number="67"/>
						<line hits="1" number="68"/>
						<line hits="0" number="69"/>
						<line hits="0" number="70"/>
						<line hits="0" number="72"/>
						<line hits="1" number="74"/>
						<line hits="1" number="75"/>
						<line hits="1" number="77"/>
						<line hits="1" number="88"/>
						<line hits="0" number="89"/>
						<line hits="0" number="90"/>
						<line hits="1" number="92"/>
					</lines>
				</class>
				<class branch-rate="0" complexity="0" filename="fundamentals/mysql/sqlite2mysql.py" line-rate="0.7407" name="sqlite2mysql.py">
					<methods/>
					<lines>
						<line hits="1" number="3"/>
						<line hits="1" number="19"/>
						<line hits="1" number="20"/>
						<line hits="1" number="21"/>
						<line hits="1" number="22"/>
						<line hits="1" number="23"/>
						<line hits="1" number="24"/>
						<line hits="1" number="25"/>
						<line hits="1" number="27"/>
						<line hits="1" number="29"/>
						<line hits="0" number="35"/>
						<line hits="0" number="42"/>
[...]
						<line hits="1" number="204"/>
						<line hits="1" number="205"/>
						<line hits="1" number="207"/>
						<line hits="1" number="208"/>
						<line hits="1" number="210"/>
						<line hits="0" number="253"/>
						<line hits="0" number="255"/>
						<line hits="0" number="256"/>
						<line hits="0" number="258"/>
						<line hits="0" number="261"/>
						<line hits="0" number="262"/>
						<line hits="0" number="264"/>
						<line hits="0" number="265"/>
						<line hits="0" number="266"/>
						<line hits="0" number="268"/>
						<line hits="0" number="269"/>
						<line hits="1" number="271"/>
						<line hits="1" number="310"/>
						<line hits="1" number="312"/>
						<line hits="1" number="313"/>
						<line hits="1" number="315"/>
						<line hits="1" number="318"/>
						<line hits="0" number="319"/>
						<line hits="1" number="321"/>
						<line hits="1" number="322"/>
						<line hits="1" number="323"/>
						<line hits="1" number="325"/>
						<line hits="1" number="326"/>
						<line hits="1" number="328"/>
						<line hits="1" number="379"/>
						<line hits="1" number="381"/>
						<line hits="1" number="382"/>
						<line hits="1" number="383"/>
						<line hits="1" number="384"/>
						<line hits="0" number="385"/>
						<line hits="1" number="387"/>
						<line hits="1" number="394"/>
						<line hits="1" number="397"/>
						<line hits="0" number="398"/>
						<line hits="1" number="400"/>
						<line hits="1" number="401"/>
						<line hits="1" number="402"/>
						<line hits="1" number="404"/>
						<line hits="1" number="405"/>
						<line hits="1" number="407"/>
						<line hits="1" number="450"/>
						<line hits="1" number="452"/>
						<line hits="1" number="453"/>
						<line hits="1" number="454"/>
						<line hits="1" number="456"/>
						<line hits="1" number="459"/>
						<line hits="0" number="460"/>
						<line hits="1" number="462"/>
						<line hits="1" number="463"/>
						<line hits="1" number="464"/>
						<line hits="1" number="466"/>
						<line hits="1" number="467"/>
						<line hits="1" number="469"/>
						<line hits="1" number="510"/>
						<line hits="1" number="512"/>
						<line hits="1" number="513"/>
						<line hits="0" number="514"/>
						<line hits="0" number="515"/>
						<line hits="1" number="518"/>
						<line hits="1" number="523"/>
						<line hits="1" number="526"/>
						<line hits="0" number="527"/>
						<line hits="1" number="529"/>
						<line hits="1" number="530"/>
						<line hits="1" number="531"/>
						<line hits="1" number="533"/>
						<line hits="1" number="534"/>
						<line hits="1" number="536"/>
						<line hits="1" number="551"/>
						<line hits="1" number="553"/>
						<line hits="1" number="555"/>
						<line hits="0" number="556"/>
						<line hits="1" number="558"/>
						<line hits="1" number="560"/>
						<line hits="1" number="561"/>
						<line hits="1" number="562"/>
						<line hits="1" number="565"/>
						<line hits="1" number="567"/>
						<line hits="1" number="568"/>
						<line hits="1" number="569"/>
						<line hits="1" number="570"/>
						<line hits="0" number="571"/>
						<line hits="0" number="572"/>
						<line hits="1" number="573"/>
						<line hits="1" number="574"/>
						<line hits="1" number="577"/>
						<line hits="1" number="580"/>
						<line hits="1" number="581"/>
						<line hits="1" number="584"/>
						<line hits="1" number="587"/>
						<line hits="1" number="588"/>
						<line hits="1" number="589"/>
						<line hits="1" number="590"/>
						<line hits="1" number="593"/>
						<line hits="1" number="594"/>
						<line hits="1" number="595"/>
						<line hits="1" number="596"/>
						<line hits="1" number="597"/>
						<line hits="0" number="598"/>
						<line hits="0" number="599"/>
						<line hits="1" number="602"/>
						<line hits="1" number="603"/>
						<line hits="1" number="604"/>
						<line hits="1" number="605"/>
						<line hits="1" number="608"/>
						<line hits="1" number="609"/>
						<line hits="1" number="610"/>
						<line hits="1" number="611"/>
						<line hits="1" number="613"/>
						<line hits="1" number="614"/>
						<line hits="1" number="615"/>
						<line hits="1" number="616"/>
						<line hits="1" number="617"/>
						<line hits="1" number="619"/>
						<line hits="1" number="620"/>
						<line hits="1" number="623"/>
						<line hits="1" number="624"/>
						<line hits="1" number="625"/>
						<line hits="1" number="626"/>
						<line hits="1" number="629"/>
						<line hits="1" number="630"/>
						<line hits="1" number="632"/>
						<line hits="1" number="633"/>
						<line hits="1" number="635"/>
						<line hits="1" number="636"/>
						<line hits="1" number="637"/>
						<line hits="1" number="638"/>
						<line hits="1" number="639"/>
						<line hits="1" number="641"/>
						<line hits="1" number="643"/>
						<line hits="1" number="644"/>
						<line hits="1" number="645"/>
						<line hits="1" number="646"/>
						<line hits="0" number="647"/>
						<line hits="1" number="649"/>
						<line hits="1" number="650"/>
						<line hits="1" number="651"/>
						<line hits="0" number="652"/>
						<line hits="0" number="653"/>
						<line hits="0" number="654"/>
						<line hits="1" number="655"/>
						<line hits="1" number="656"/>
						<line hits="1" number="657"/>
						<line hits="1" number="658"/>
						<line hits="1" number="659"/>
						<line hits="1" number="660"/>
						<line hits="1" number="661"/>
						<line hits="1" number="664"/>
						<line hits="1" number="666"/>
						<line hits="1" number="667"/>
						<line hits="1" number="669"/>
						<line hits="1" number="670"/>
						<line hits="1" number="671"/>
						<line hits="1" number="672"/>
						<line hits="0" number="673"/>
						<line hits="0" number="674"/>
						<line hits="1" number="676"/>
						<line hits="1" number="677"/>
						<line hits="1" number="678"/>
						<line hits="0" number="679"/>
						<line hits="1" number="681"/>
						<line hits="1" number="684"/>
						<line hits="1" number="686"/>
						<line hits="1" number="703"/>
						<line hits="1" number="706"/>
						<line hits="0" number="707"/>
						<line hits="1" number="709"/>
						<line hits="1" number="711"/>
						<line hits="0" number="712"/>
						<line hits="1" number="714"/>
						<line hits="1" number="716"/>
						<line hits="1" number="718"/>
						<line hits="1" number="719"/>
						<line hits="1" number="721"/>
						<line hits="1" number="723"/>
						<line hits="1" number="725"/>
					</lines>
				</class>
			</classes>
		</package>
		<package branch-rate="0" complexity="0" line-rate="0.9474" name="fundamentals.renderer.tests">
			<classes>
				<class branch-rate="0" complexity="0" filename="fundamentals/renderer/tests/__init__.py" line-rate="1" name="__init__.py">
					<methods/>
					<lines/>
				</class>
				<class branch-rate="0" complexity="0" filename="fundamentals/renderer/tests/test_list_of_dictionaries.py" line-rate="0.9474" name="test_list_of_dictionaries.py">
					<methods/>
					<lines>
						<line hits="1" number="1"/>
						<line hits="1" number="2"/>
						<line hits="1" number="3"/>
						<line hits="1" number="4"/>
						<line hits="1" number="5"/>
						<line hits="1" number="6"/>
						<line hits="1" number="7"/>
						<line hits="1" number="8"/>
						<line hits="1" number="9"/>
						<line hits="1" number="10"/>
						<line hits="1" number="11"/>
						<line hits="1" number="12"/>
						<line hits="1" number="14"/>
						<line hits="1" number="15"/>
						<line hits="1" number="17"/>
						<line hits="1" number="25"/>
						<line hits="1" number="28"/>
						<line hits="1" number="29"/>
						<line hits="1" number="30"/>
						<line hits="1" number="31"/>
						<line hits="1" number="33"/>
						<line hits="1" number="34"/>
						<line hits="1" number="35"/>
						<line hits="1" number="36"/>
						<line hits="1" number="38"/>
						<line hits="1" number="41"/>
						<line hits="0" number="42"/>
						<line hits="1" number="44"/>
						<line hits="1" number="46"/>
						<line hits="1" number="48"/>
						<line hits="1" number="50"/>
						<line hits="1" number="52"/>
						<line hits="1" number="53"/>
						<line hits="1" number="58"/>
						<line hits="1" number="60"/>
						<line hits="1" number="62"/>
						<line hits="1" number="66"/>
						<line hits="1" number="68"/>
						<line hits="1" number="70"/>
						<line hits="1" number="72"/>
						<line hits="1" number="74"/>
						<line hits="1" number="93"/>
						<line hits="1" number="94"/>
						<line hits="1" number="99"/>
						<line hits="1" number="101"/>
						<line hits="1" number="103"/>
						<line hits="1" number="106"/>
						<line hits="1" number="108"/>
						<line hits="1" number="110"/>
						<line hits="1" number="112"/>
						<line hits="1" number="114"/>
						<line hits="1" number="115"/>
						<line hits="1" number="116"/>
						<line hits="0" number="121"/>
						<line hits="0" number="122"/>
						<line hits="1" number="123"/>
						<line hits="1" number="124"/>
					</lines>
				</class>
			</classes>
		</package>
		<package branch-rate="0" complexity="0" line-rate="0.9143" name="fundamentals.stats">
			<classes>
				<class branch-rate="0" complexity="0" filename="fundamentals/stats/__init__.py" line-rate="1" name="__init__.py">
					<methods/>
					<lines>
						<line hits="1" number="4"/>
					</lines>
				</class>
				<class branch-rate="0" complexity="0" filename="fundamentals/stats/rolling_window_sigma_clip.py" line-rate="0.9118" name="rolling_window_sigma_clip.py">
					<methods/>
					<lines>
						<line hits="1" number="3"/>
						<line hits="1" number="12"/>
						<line hits="1" number="13"/>
						<line hits="1" number="14"/>
						<line hits="1" number="15"/>
						<line hits="1" number="16"/>
						<line hits="1" number="19"/>
						<line hits="1" number="51"/>
						<line hits="1" number="53"/>
						<line hits="1" number="55"/>
						<line hits="1" number="57"/>
						<line hits="0" number="58"/>
						<line hits="1" number="59"/>
						<line hits="0" number="60"/>
						<line hits="0" number="62"/>
						<line hits="1" number="63"/>
						<line hits="1" number="64"/>
						<line hits="1" number="65"/>
						<line hits="1" number="66"/>
						<line hits="1" number="67"/>
						<line hits="1" number="68"/>
						<line hits="1" number="69"/>
						<line hits="1" number="70"/>
						<line hits="1" number="71"/>
						<line hits="1" number="74"/>
						<line hits="1" number="76"/>
						<line hits="1" number="77"/>
						<line hits="1" number="78"/>
						<line hits="1" number="80"/>
						<line hits="1" number="81"/>
						<line hits="1" number="83"/>
						<line hits="1" number="84"/>
						<line hits="1" number="86"/>
						<line hits="1" number="87"/>
					</lines>
				</class>
			</classes>
		</package>
		<package branch-rate="0" complexity="0" line-rate="0.898" name="fundamentals.stats.tests">
			<classes>
				<class branch-rate="0" complexity="0" filename="fundamentals/stats/tests/__init__.py" line-rate="1" name="__init__.py">
					<methods/>
					<lines/>
				</class>
				<class branch-rate="0" complexity="0" filename="fundamentals/stats/tests/test_rolling_window_sigma_clip.py" line-rate="0.898" name="test_rolling_window_sigma_clip.py">
					<methods/>
					<lines>
						<line hits="1" number="1"/>
						<line hits="1" number="2"/>
						<line hits="1" number="3"/>
						<line hits="1" number="4"/>
						<line hits="1" number="5"/>
						<line hits="1" number="6"/>
						<line hits="1" number="7"/>
						<line hits="1" number="8"/>
						<line hits="1" number="9"/>
						<line hits="1" number="10"/>
						<line hits="1" number="11"/>
						<line hits="1" number="13"/>
						<line hits="1" number="14"/>
						<line hits="1" number="18"/>
						<line hits="1" number="26"/>
						<line hits="1" number="29"/>
						<line hits="1" number="30"/>
						<line hits="1" number="31"/>
						<line hits="1" number="33"/>
						<line hits="1" number="34"/>
						<line hits="1" number="35"/>
						<line hits="1" number="36"/>
						<line hits="1" number="38"/>
						<line hits="1" number="41"/>
						<line hits="0" number="42"/>
						<line hits="1" number="48"/>
						<line hits="1" number="50"/>
						<line hits="1" number="51"/>
						<line hits="1" number="52"/>
						<line hits="1" number="53"/>
						<line hits="1" number="54"/>
						<line hits="1" number="55"/>
						<line hits="1" number="56"/>
						<line hits="1" number="57"/>
						<line hits="1" number="59"/>
						<line hits="1" number="60"/>
						<line hits="1" number="67"/>
						<line hits="1" number="68"/>
						<line hits="0" number="70"/>
						<line hits="0" number="71"/>
						<line hits="1" number="73"/>
						<line hits="1" number="75"/>
						<line hits="1" number="76"/>
						<line hits="1" number="77"/>
						<line hits="0" number="82"/>
						<line hits="0" number="83"/>
						<line hits="1" number="84"/>
						<line hits="1" number="85"/>
						<line hits="1" number="86"/>
					</lines>
				</class>
			</classes>
		</package>
		<package branch-rate="0" complexity="0" line-rate="0.9107" name="fundamentals.tests">
			<classes>
				<class branch-rate="0" complexity="0" filename="fundamentals/tests/test_cl_utils.py" line-rate="0.9667" name="test_cl_utils.py">
					<methods/>
					<lines>
						<line hits="1" number="1"/>
						<line hits="1" number="2"/>
						<line hits="1" number="3"/>
						<line hits="1" number="4"/>
						<line hits="1" number="5"/>
						<line hits="1" number="6"/>
						<line hits="1" number="7"/>
						<line hits="1" number="8"/>
						<line hits="1" number="9"/>
						<line hits="1" number="10"/>
						<line hits="1" number="11"/>
						<line hits="1" number="12"/>
						<line hits="1" number="13"/>
						<line hits="1" number="15"/>
						<line hits="1" number="16"/>
						<line hits="1" number="18"/>
						<line hits="1" number="26"/>
						<line hits="1" number="29"/>
						<line hits="1" number="30"/>
						<line hits="1" number="31"/>
						<line hits="1" number="33"/>
						<line hits="1" number="34"/>
						<line hits="1" number="35"/>
						<line hits="1" number="36"/>
						<line hits="1" number="38"/>
						<line hits="1" number="41"/>
						<line hits="0" number="42"/>
						<line hits="1" number="45"/>
						<line hits="1" number="47"/>
						<line hits="1" number="52"/>
					</lines>
				</class>
				<class branch-rate="0" complexity="0" filename="fundamentals/tests/test_fmultiprocess.py" line-rate="0.9091" name="test_fmultiprocess.py">
					<methods/>
					<lines>
						<line hits="1" number="1"/>
						<line hits="1" number="2"/>
						<line hits="1" number="3"/>
						<line hits="1" number="4"/>
						<line hits="1" number="5"/>
						<line hits="1" number="6"/>
						<line hits="1" number="7"/>
						<line hits="1" number="8"/>
						<line hits="1" number="9"/>
						<line hits="1" number="10"/>
						<line hits="1" number="11"/>
						<line hits="1" number="13"/>
						<line hits="1" number="15"/>
						<line hits="1" number="16"/>
						<line hits="1" number="18"/>
						<line hits="1" number="26"/>
						<line hits="1" number="29"/>
						<line hits="1" number="30"/>
						<line hits="1" number="31"/>
						<line hits="1" number="32"/>
						<line hits="1" number="34"/>
						<line hits="1" number="35"/>
						<line hits="0" number="36"/>
						<line hits="0" number="37"/>
						<line hits="1" number="39"/>
						<line hits="1" number="42"/>
						<line hits="0" number="43"/>
						<line hits="1" number="47"/>
						<line hits="1" number="48"/>
						<line hits="1" number="49"/>
						<line hits="1" number="50"/>
						<line hits="1" number="51"/>
						<line hits="1" number="53"/>
						<line hits="1" number="55"/>
						<line hits="1" number="57"/>
						<line hits="1" number="60"/>
						<line hits="1" number="61"/>
						<line hits="1" number="62"/>
						<line hits="1" number="65"/>
						<line hits="1" number="66"/>
						<line hits="1" number="68"/>
						<line hits="1" number="70"/>
						<line hits="1" number="71"/>
						<line hits="1" number="72"/>
						<line hits="1" number="73"/>
						<line hits="1" number="74"/>
						<line hits="1" number="76"/>
						<line hits="1" number="78"/>
						<line hits="1" number="79"/>
						<line hits="1" number="80"/>
						<line hits="0" number="85"/>
						<line hits="0" number="86"/>
						<line hits="1" number="87"/>
						<line hits="1" number="88"/>
						<line hits="1" number="89"/>
					</lines>
				</class>
				<class branch-rate="0" complexity="0" filename="fundamentals/tests/test_logs.py" line-rate="0.9032" name="test_logs.py">
					<methods/>
					<lines>
						<line hits="1" number="1"/>
						<line hits="1" number="2"/>
						<line hits="1" number="3"/>
						<line hits="1" number="4"/>
						<line hits="1" number="5"/>
						<line hits="1" number="6"/>
						<line hits="1" number="7"/>
						<line hits="1" number="8"/>
						<line hits="1" number="9"/>
						<line hits="1" number="10"/>
						<line hits="1" number="11"/>
						<line hits="1" number="13"/>
						<line hits="1" number="14"/>
						<line hits="1" number="16"/>
						<line hits="1" number="24"/>
						<line hits="1" number="27"/>
						<line hits="1" number="28"/>
						<line hits="1" number="29"/>
						<line hits="1" number="30"/>
						<line hits="1" number="32"/>
						<line hits="1" number="33"/>
						<line hits="0" number="34"/>
						<line hits="0" number="35"/>
						<line hits="1" number="37"/>
						<line hits="1" number="40"/>
						<line hits="0" number="41"/>
						<line hits="1" number="43"/>
						<line hits="1" number="45"/>
						<line hits="1" number="46"/>
						<line hits="1" number="48"/>
						<line hits="1" number="49"/>
					</lines>
				</class>
				<class branch-rate="0" complexity="0" filename="fundamentals/tests/test_times.py" line-rate="0.8846" name="test_times.py">
					<methods/>
					<lines>
						<line hits="1" number="1"/>
						<line hits="1" number="2"/>
						<line hits="1" number="3"/>
						<line hits="1" number="4"/>
						<line hits="1" number="5"/>
						<line hits="1" number="6"/>
						<line hits="1" number="7"/>
						<line hits="1" number="8"/>
						<line hits="1" number="9"/>
						<line hits="1" number="10"/>
						<line hits="1" number="11"/>
						<line hits="1" number="13"/>
						<line hits="1" number="14"/>
						<line hits="1" number="16"/>
						<line hits="1" number="24"/>
						<line hits="1" number="27"/>
						<line hits="1" number="28"/>
						<line hits="1" number="29"/>
						<line hits="1" number="30"/>
						<line hits="1" number="32"/>
						<line hits="1" number="33"/>
						<line hits="0" number="34"/>
						<line hits="0" number="35"/>
						<line hits="1" number="37"/>
						<line hits="1" number="40"/>
						<line hits="0" number="41"/>
					</lines>
				</class>
				<class branch-rate="0" complexity="0" filename="fundamentals/tests/test_utKit.py" line-rate="0.8846" name="test_utKit.py">
					<methods/>
					<lines>
						<line hits="1" number="1"/>
						<line hits="1" number="2"/>
						<line hits="1" number="3"/>
						<line hits="1" number="4"/>
						<line hits="1" number="5"/>
						<line hits="1" number="6"/>
						<line hits="1" number="7"/>
						<line hits="1" number="8"/>
						<line hits="1" number="9"/>
						<line hits="1" number="10"/>
						<line hits="1" number="11"/>
						<line hits="1" number="13"/>
						<line hits="1" number="14"/>
						<line hits="1" number="16"/>
						<line hits="1" number="24"/>
						<line hits="1" number="27"/>
						<line hits="1" number="28"/>
						<line hits="1" number="29"/>
						<line hits="1" number="30"/>
						<line hits="1" number="32"/>
						<line hits="1" number="33"/>
						<line hits="0" number="34"/>
						<line hits="0" number="35"/>
						<line hits="1" number="37"/>
						<line hits="1" number="40"/>
						<line hits="0" number="41"/>
					</lines>
				</class>
			</classes>
		</package>
	</packages>
</coverage>
