<?xml version="1.0" encoding="utf-8"?><testsuites><testsuite errors="0" failures="0" hostname="engine" name="pytest" skipped="0" tests="47" time="46.519" timestamp="2021-01-01T17:11:21.988027"><testcase classname="workspace.fundamentals_release_2.3.0.fundamentals.files.tests.test_fileChunker.test_fileChunker" name="test_fileChunker_function" time="2.754" /><testcase classname="workspace.fundamentals_release_2.3.0.fundamentals.files.tests.test_list_of_dictionaries_to_mysql_inserts.test_list_of_dictionaries_to_mysql" name="test_list_of_dictionaries_to_mysql_function" time="0.010" /><testcase classname="workspace.fundamentals_release_2.3.0.fundamentals.files.tests.test_list_of_dictionaries_to_mysql_inserts.test_list_of_dictionaries_to_mysql" name="test_list_of_dictionaries_to_mysql_function_exception" time="0.001" /><testcase classname="workspace.fundamentals_release_2.3.0.fundamentals.files.tests.test_recursive_directory_listing.test_recursive_directory_listing" name="test_recursive_directory_listing_function" time="5.262" /><testcase classname="workspace.fundamentals_release_2.3.0.fundamentals.files.tests.test_tag.test_tag" name="test_tag_function" time="0.067" /><testcase classname="workspace.fundamentals_release_2.3.0.fundamentals.files.tests.test_tag.test_tag" name="test_tag_function_exception" time="0.001" /><testcase classname="workspace.fundamentals_release_2.3.0.fundamentals.mysql.tests.test_convert_dictionary_to_mysql_table.test_convert_dictionary_to_mysql_table" name="test_convert_dictionary_to_mysql_table_function" time="0.056" /><testcase classname="workspace.fundamentals_release_2.3.0.fundamentals.mysql.tests.test_convert_dictionary_to_mysql_table.test_convert_dictionary_to_mysql_table" name="test_return_inserts" time="0.002" /><testcase classname="workspace.fundamentals_release_2.3.0.fundamentals.mysql.tests.test_convert_dictionary_to_mysql_table.test_convert_dictionary_to_mysql_table" name="test_return_inserts_non_batch" time="0.001" /><testcase classname="workspace.fundamentals_release_2.3.0.fundamentals.mysql.tests.test_convert_dictionary_to_mysql_table.test_convert_dictionary_to_mysql_table" name="test_return_inserts_with_datetime_pre_compiled" time="0.002" /><testcase classname="workspace.fundamentals_release_2.3.0.fundamentals.mysql.tests.test_database.test_database" name="test_database_function" time="0.009" /><testcase classname="workspace.fundamentals_release_2.3.0.fundamentals.mysql.tests.test_database.test_database" name="test_database_function_exception" time="0.001" /><testcase classname="workspace.fundamentals_release_2.3.0.fundamentals.mysql.tests.test_database.test_database" name="test_no_tunnel" time="0.002" /><testcase classname="workspace.fundamentals_release_2.3.0.fundamentals.mysql.tests.test_directory_script_runner.test_directory_script_runner" name="test_01_execute_mysql_script_function_01" time="11.646" /><testcase classname="workspace.fundamentals_release_2.3.0.fundamentals.mysql.tests.test_directory_script_runner.test_directory_script_runner" name="test_directory_script_runner_function" time="0.145" /><testcase classname="workspace.fundamentals_release_2.3.0.fundamentals.mysql.tests.test_directory_script_runner.test_directory_script_runner" name="test_directory_script_runner_function_02" time="0.123" /><testcase classname="workspace.fundamentals_release_2.3.0.fundamentals.mysql.tests.test_directory_script_runner.test_directory_script_runner" name="test_directory_script_runner_function_03" time="0.001" /><testcase classname="workspace.fundamentals_release_2.3.0.fundamentals.mysql.tests.test_directory_script_runner.test_directory_script_runner" name="test_directory_script_runner_function_04" time="0.001" /><testcase classname="workspace.fundamentals_release_2.3.0.fundamentals.mysql.tests.test_directory_script_runner.test_directory_script_runner" name="test_directory_script_runner_function_05" time="0.001" /><testcase classname="workspace.fundamentals_release_2.3.0.fundamentals.mysql.tests.test_directory_script_runner.test_directory_script_runner" name="test_directory_script_runner_function_06" time="0.001" /><testcase classname="workspace.fundamentals_release_2.3.0.fundamentals.mysql.tests.test_directory_script_runner.test_directory_script_runner" name="test_directory_script_runner_function_exception" time="0.001" /><testcase classname="workspace.fundamentals_release_2.3.0.fundamentals.mysql.tests.test_get_database_table_column_names.test_get_database_table_column_names" name="test_get_database_table_column_names_function" time="0.002" /><testcase classname="workspace.fundamentals_release_2.3.0.fundamentals.mysql.tests.test_insert_list_of_dictionaries_into_database_tables.test_insert_list_of_dictionaries_into_database_tables" name="test_insert_list_of_dictionaries_into_database_tables_function" time="3.035" /><testcase classname="workspace.fundamentals_release_2.3.0.fundamentals.mysql.tests.test_readquery.test_readquery" name="test_readquery_error_function" time="0.002" /><testcase classname="workspace.fundamentals_release_2.3.0.fundamentals.mysql.tests.test_readquery.test_readquery" name="test_readquery_error_function_quiet" time="0.001" /><testcase classname="workspace.fundamentals_release_2.3.0.fundamentals.mysql.tests.test_readquery.test_readquery" name="test_readquery_function" time="0.023" /><testcase classname="workspace.fundamentals_release_2.3.0.fundamentals.mysql.tests.test_setup_database_connection.test_setup_database_connection" name="test_setup_database_connection_function" time="0.007" /><testcase classname="workspace.fundamentals_release_2.3.0.fundamentals.mysql.tests.test_sqlite2mysql.test_sqlite2mysql" name="test_sqlite2mysql_function" time="5.633" /><testcase classname="workspace.fundamentals_release_2.3.0.fundamentals.mysql.tests.test_sqlite2mysql.test_sqlite2mysql" name="test_sqlite2mysql_function_exception" time="0.001" /><testcase classname="workspace.fundamentals_release_2.3.0.fundamentals.mysql.tests.test_table_exists.test_table_exists" name="test_table_exists_function" time="0.011" /><testcase classname="workspace.fundamentals_release_2.3.0.fundamentals.mysql.tests.test_table_exists.test_table_exists" name="test_table_exists_function02" time="0.002" /><testcase classname="workspace.fundamentals_release_2.3.0.fundamentals.mysql.tests.test_writequery.test_writequery" name="test_manyvalue_insert" time="0.015" /><testcase classname="workspace.fundamentals_release_2.3.0.fundamentals.mysql.tests.test_writequery.test_writequery" name="test_writequery_error_force" time="0.001" /><testcase classname="workspace.fundamentals_release_2.3.0.fundamentals.mysql.tests.test_writequery.test_writequery" name="test_writequery_function" time="0.002" /><testcase classname="workspace.fundamentals_release_2.3.0.fundamentals.mysql.tests.test_writequery.test_writequery" name="test_writequery_function_delete" time="0.005" /><testcase classname="workspace.fundamentals_release_2.3.0.fundamentals.mysql.tests.test_yaml_to_database.test_yaml_to_database" name="test_single_yaml_to_database_function" time="1.425" /><testcase classname="workspace.fundamentals_release_2.3.0.fundamentals.mysql.tests.test_yaml_to_database.test_yaml_to_database" name="test_yaml_to_database_function" time="2.776" /><testcase classname="workspace.fundamentals_release_2.3.0.fundamentals.mysql.tests.test_yaml_to_database.test_yaml_to_database" name="test_yaml_to_database_function_exception" time="0.002" /><testcase classname="workspace.fundamentals_release_2.3.0.fundamentals.renderer.tests.test_list_of_dictionaries.test_list_of_dictionaries" name="test_list_of_dictionaries_function" time="0.418" /><testcase classname="workspace.fundamentals_release_2.3.0.fundamentals.renderer.tests.test_list_of_dictionaries.test_list_of_dictionaries" name="test_list_of_dictionaries_function_02" time="0.009" /><testcase classname="workspace.fundamentals_release_2.3.0.fundamentals.renderer.tests.test_list_of_dictionaries.test_list_of_dictionaries" name="test_list_of_dictionaries_function_exception" time="0.001" /><testcase classname="workspace.fundamentals_release_2.3.0.fundamentals.stats.tests.test_rolling_window_sigma_clip.test_rolling_window_sigma_clip" name="test_rolling_window_sigma_clip_function" time="0.192" /><testcase classname="workspace.fundamentals_release_2.3.0.fundamentals.stats.tests.test_rolling_window_sigma_clip.test_rolling_window_sigma_clip" name="test_rolling_window_sigma_clip_function_exception" time="0.001" /><testcase classname="workspace.fundamentals_release_2.3.0.fundamentals.tests.test_cl_utils.test_cl_utils" name="test_init" time="0.001" /><testcase classname="workspace.fundamentals_release_2.3.0.fundamentals.tests.test_fmultiprocess.test_multiprocess" name="test_multiprocess_function" time="3.439" /><testcase classname="workspace.fundamentals_release_2.3.0.fundamentals.tests.test_fmultiprocess.test_multiprocess" name="test_multiprocess_function_exception" time="0.001" /><testcase classname="workspace.fundamentals_release_2.3.0.fundamentals.tests.test_logs.test_logs" name="test_logs_function" time="0.001" /></testsuite></testsuites>