<?xml version="1.0" encoding="utf-8"?><testsuite errors="0" failures="0" name="pytest" skipped="0" tests="45" time="45.631"><testcase classname="workspace._feature_updates-for-corona-jump.fundamentals.files.tests.test_fileChunker.test_fileChunker" file="workspace/_feature_updates-for-corona-jump/fundamentals/files/tests/test_fileChunker.py" line="46" name="test_fileChunker_function" time="2.427"></testcase><testcase classname="workspace._feature_updates-for-corona-jump.fundamentals.files.tests.test_list_of_dictionaries_to_mysql_inserts.test_list_of_dictionaries_to_mysql" file="workspace/_feature_updates-for-corona-jump/fundamentals/files/tests/test_list_of_dictionaries_to_mysql_inserts.py" line="49" name="test_list_of_dictionaries_to_mysql_function" time="0.008"></testcase><testcase classname="workspace._feature_updates-for-corona-jump.fundamentals.files.tests.test_list_of_dictionaries_to_mysql_inserts.test_list_of_dictionaries_to_mysql" file="workspace/_feature_updates-for-corona-jump/fundamentals/files/tests/test_list_of_dictionaries_to_mysql_inserts.py" line="58" name="test_list_of_dictionaries_to_mysql_function_exception" time="0.001"></testcase><testcase classname="workspace._feature_updates-for-corona-jump.fundamentals.files.tests.test_recursive_directory_listing.test_recursive_directory_listing" file="workspace/_feature_updates-for-corona-jump/fundamentals/files/tests/test_recursive_directory_listing.py" line="44" name="test_recursive_directory_listing_function" time="0.071"></testcase><testcase classname="workspace._feature_updates-for-corona-jump.fundamentals.files.tests.test_tag.test_tag" file="workspace/_feature_updates-for-corona-jump/fundamentals/files/tests/test_tag.py" line="46" name="test_tag_function" time="0.072"></testcase><testcase classname="workspace._feature_updates-for-corona-jump.fundamentals.files.tests.test_tag.test_tag" file="workspace/_feature_updates-for-corona-jump/fundamentals/files/tests/test_tag.py" line="57" name="test_tag_function_exception" time="0.001"></testcase><testcase classname="workspace._feature_updates-for-corona-jump.fundamentals.mysql.tests.test_convert_dictionary_to_mysql_table.test_convert_dictionary_to_mysql_table" file="workspace/_feature_updates-for-corona-jump/fundamentals/mysql/tests/test_convert_dictionary_to_mysql_table.py" line="47" name="test_convert_dictionary_to_mysql_table_function" time="0.142"></testcase><testcase classname="workspace._feature_updates-for-corona-jump.fundamentals.mysql.tests.test_convert_dictionary_to_mysql_table.test_convert_dictionary_to_mysql_table" file="workspace/_feature_updates-for-corona-jump/fundamentals/mysql/tests/test_convert_dictionary_to_mysql_table.py" line="72" name="test_return_inserts" time="0.002"></testcase><testcase classname="workspace._feature_updates-for-corona-jump.fundamentals.mysql.tests.test_convert_dictionary_to_mysql_table.test_convert_dictionary_to_mysql_table" file="workspace/_feature_updates-for-corona-jump/fundamentals/mysql/tests/test_convert_dictionary_to_mysql_table.py" line="125" name="test_return_inserts_non_batch" time="0.001"></testcase><testcase classname="workspace._feature_updates-for-corona-jump.fundamentals.mysql.tests.test_convert_dictionary_to_mysql_table.test_convert_dictionary_to_mysql_table" file="workspace/_feature_updates-for-corona-jump/fundamentals/mysql/tests/test_convert_dictionary_to_mysql_table.py" line="98" name="test_return_inserts_with_datetime_pre_compiled" time="0.002"></testcase><testcase classname="workspace._feature_updates-for-corona-jump.fundamentals.mysql.tests.test_database.test_database" file="workspace/_feature_updates-for-corona-jump/fundamentals/mysql/tests/test_database.py" line="71" name="test_database_function" time="0.004"></testcase><testcase classname="workspace._feature_updates-for-corona-jump.fundamentals.mysql.tests.test_database.test_database" file="workspace/_feature_updates-for-corona-jump/fundamentals/mysql/tests/test_database.py" line="92" name="test_database_function_exception" time="0.001"></testcase><testcase classname="workspace._feature_updates-for-corona-jump.fundamentals.mysql.tests.test_database.test_database" file="workspace/_feature_updates-for-corona-jump/fundamentals/mysql/tests/test_database.py" line="61" name="test_no_tunnel" time="0.003"></testcase><testcase classname="workspace._feature_updates-for-corona-jump.fundamentals.mysql.tests.test_directory_script_runner.test_directory_script_runner" file="workspace/_feature_updates-for-corona-jump/fundamentals/mysql/tests/test_directory_script_runner.py" line="119" name="test_01_execute_mysql_script_function_01" time="10.766"></testcase><testcase classname="workspace._feature_updates-for-corona-jump.fundamentals.mysql.tests.test_directory_script_runner.test_directory_script_runner" file="workspace/_feature_updates-for-corona-jump/fundamentals/mysql/tests/test_directory_script_runner.py" line="49" name="test_directory_script_runner_function" time="4.979"></testcase><testcase classname="workspace._feature_updates-for-corona-jump.fundamentals.mysql.tests.test_directory_script_runner.test_directory_script_runner" file="workspace/_feature_updates-for-corona-jump/fundamentals/mysql/tests/test_directory_script_runner.py" line="59" name="test_directory_script_runner_function_02" time="4.599"></testcase><testcase classname="workspace._feature_updates-for-corona-jump.fundamentals.mysql.tests.test_directory_script_runner.test_directory_script_runner" file="workspace/_feature_updates-for-corona-jump/fundamentals/mysql/tests/test_directory_script_runner.py" line="71" name="test_directory_script_runner_function_03" time="0.001"></testcase><testcase classname="workspace._feature_updates-for-corona-jump.fundamentals.mysql.tests.test_directory_script_runner.test_directory_script_runner" file="workspace/_feature_updates-for-corona-jump/fundamentals/mysql/tests/test_directory_script_runner.py" line="83" name="test_directory_script_runner_function_04" time="0.001"></testcase><testcase classname="workspace._feature_updates-for-corona-jump.fundamentals.mysql.tests.test_directory_script_runner.test_directory_script_runner" file="workspace/_feature_updates-for-corona-jump/fundamentals/mysql/tests/test_directory_script_runner.py" line="95" name="test_directory_script_runner_function_05" time="0.001"></testcase><testcase classname="workspace._feature_updates-for-corona-jump.fundamentals.mysql.tests.test_directory_script_runner.test_directory_script_runner" file="workspace/_feature_updates-for-corona-jump/fundamentals/mysql/tests/test_directory_script_runner.py" line="108" name="test_directory_script_runner_function_06" time="0.001"></testcase><testcase classname="workspace._feature_updates-for-corona-jump.fundamentals.mysql.tests.test_directory_script_runner.test_directory_script_runner" file="workspace/_feature_updates-for-corona-jump/fundamentals/mysql/tests/test_directory_script_runner.py" line="157" name="test_directory_script_runner_function_exception" time="0.001"></testcase><testcase classname="workspace._feature_updates-for-corona-jump.fundamentals.mysql.tests.test_get_database_table_column_names.test_get_database_table_column_names" file="workspace/_feature_updates-for-corona-jump/fundamentals/mysql/tests/test_get_database_table_column_names.py" line="44" name="test_get_database_table_column_names_function" time="0.002"></testcase><testcase classname="workspace._feature_updates-for-corona-jump.fundamentals.mysql.tests.test_insert_list_of_dictionaries_into_database_tables.test_insert_list_of_dictionaries_into_database_tables" file="workspace/_feature_updates-for-corona-jump/fundamentals/mysql/tests/test_insert_list_of_dictionaries_into_database_tables.py" line="64" name="test_insert_list_of_dictionaries_into_database_tables_function" time="3.438"></testcase><testcase classname="workspace._feature_updates-for-corona-jump.fundamentals.mysql.tests.test_readquery.test_readquery" file="workspace/_feature_updates-for-corona-jump/fundamentals/mysql/tests/test_readquery.py" line="54" name="test_readquery_error_function" time="0.002"></testcase><testcase classname="workspace._feature_updates-for-corona-jump.fundamentals.mysql.tests.test_readquery.test_readquery" file="workspace/_feature_updates-for-corona-jump/fundamentals/mysql/tests/test_readquery.py" line="69" name="test_readquery_error_function_quiet" time="0.001"></testcase><testcase classname="workspace._feature_updates-for-corona-jump.fundamentals.mysql.tests.test_readquery.test_readquery" file="workspace/_feature_updates-for-corona-jump/fundamentals/mysql/tests/test_readquery.py" line="44" name="test_readquery_function" time="0.007"></testcase><testcase classname="workspace._feature_updates-for-corona-jump.fundamentals.mysql.tests.test_setup_database_connection.test_setup_database_connection" file="workspace/_feature_updates-for-corona-jump/fundamentals/mysql/tests/test_setup_database_connection.py" line="44" name="test_setup_database_connection_function" time="0.009"></testcase><testcase classname="workspace._feature_updates-for-corona-jump.fundamentals.mysql.tests.test_sqlite2mysql.test_sqlite2mysql" file="workspace/_feature_updates-for-corona-jump/fundamentals/mysql/tests/test_sqlite2mysql.py" line="48" name="test_sqlite2mysql_function" time="6.161"></testcase><testcase classname="workspace._feature_updates-for-corona-jump.fundamentals.mysql.tests.test_sqlite2mysql.test_sqlite2mysql" file="workspace/_feature_updates-for-corona-jump/fundamentals/mysql/tests/test_sqlite2mysql.py" line="60" name="test_sqlite2mysql_function_exception" time="0.001"></testcase><testcase classname="workspace._feature_updates-for-corona-jump.fundamentals.mysql.tests.test_table_exists.test_table_exists" file="workspace/_feature_updates-for-corona-jump/fundamentals/mysql/tests/test_table_exists.py" line="44" name="test_table_exists_function" time="0.010"></testcase><testcase classname="workspace._feature_updates-for-corona-jump.fundamentals.mysql.tests.test_table_exists.test_table_exists" file="workspace/_feature_updates-for-corona-jump/fundamentals/mysql/tests/test_table_exists.py" line="75" name="test_table_exists_function02" time="0.002"></testcase><testcase classname="workspace._feature_updates-for-corona-jump.fundamentals.mysql.tests.test_writequery.test_writequery" file="workspace/_feature_updates-for-corona-jump/fundamentals/mysql/tests/test_writequery.py" line="56" name="test_manyvalue_insert" time="0.018"></testcase><testcase classname="workspace._feature_updates-for-corona-jump.fundamentals.mysql.tests.test_writequery.test_writequery" file="workspace/_feature_updates-for-corona-jump/fundamentals/mysql/tests/test_writequery.py" line="90" name="test_writequery_error_force" time="0.001"></testcase><testcase classname="workspace._feature_updates-for-corona-jump.fundamentals.mysql.tests.test_writequery.test_writequery" file="workspace/_feature_updates-for-corona-jump/fundamentals/mysql/tests/test_writequery.py" line="44" name="test_writequery_function" time="0.002"></testcase><testcase classname="workspace._feature_updates-for-corona-jump.fundamentals.mysql.tests.test_writequery.test_writequery" file="workspace/_feature_updates-for-corona-jump/fundamentals/mysql/tests/test_writequery.py" line="78" name="test_writequery_function_delete" time="0.007"></testcase><testcase classname="workspace._feature_updates-for-corona-jump.fundamentals.mysql.tests.test_yaml_to_database.test_yaml_to_database" file="workspace/_feature_updates-for-corona-jump/fundamentals/mysql/tests/test_yaml_to_database.py" line="46" name="test_single_yaml_to_database_function" time="1.009"></testcase><testcase classname="workspace._feature_updates-for-corona-jump.fundamentals.mysql.tests.test_yaml_to_database.test_yaml_to_database" file="workspace/_feature_updates-for-corona-jump/fundamentals/mysql/tests/test_yaml_to_database.py" line="67" name="test_yaml_to_database_function" time="6.567"></testcase><testcase classname="workspace._feature_updates-for-corona-jump.fundamentals.mysql.tests.test_yaml_to_database.test_yaml_to_database" file="workspace/_feature_updates-for-corona-jump/fundamentals/mysql/tests/test_yaml_to_database.py" line="78" name="test_yaml_to_database_function_exception" time="0.001"></testcase><testcase classname="workspace._feature_updates-for-corona-jump.fundamentals.renderer.tests.test_list_of_dictionaries.test_list_of_dictionaries" file="workspace/_feature_updates-for-corona-jump/fundamentals/renderer/tests/test_list_of_dictionaries.py" line="49" name="test_list_of_dictionaries_function" time="0.250"></testcase><testcase classname="workspace._feature_updates-for-corona-jump.fundamentals.renderer.tests.test_list_of_dictionaries.test_list_of_dictionaries" file="workspace/_feature_updates-for-corona-jump/fundamentals/renderer/tests/test_list_of_dictionaries.py" line="71" name="test_list_of_dictionaries_function_02" time="0.006"></testcase><testcase classname="workspace._feature_updates-for-corona-jump.fundamentals.renderer.tests.test_list_of_dictionaries.test_list_of_dictionaries" file="workspace/_feature_updates-for-corona-jump/fundamentals/renderer/tests/test_list_of_dictionaries.py" line="111" name="test_list_of_dictionaries_function_exception" time="0.001"></testcase><testcase classname="workspace._feature_updates-for-corona-jump.fundamentals.tests.test_cl_utils.test_cl_utils" file="workspace/_feature_updates-for-corona-jump/fundamentals/tests/test_cl_utils.py" line="46" name="test_init" time="0.001"></testcase><testcase classname="workspace._feature_updates-for-corona-jump.fundamentals.tests.test_fmultiprocess.test_multiprocess" file="workspace/_feature_updates-for-corona-jump/fundamentals/tests/test_fmultiprocess.py" line="54" name="test_multiprocess_function" time="1.426"></testcase><testcase classname="workspace._feature_updates-for-corona-jump.fundamentals.tests.test_fmultiprocess.test_multiprocess" file="workspace/_feature_updates-for-corona-jump/fundamentals/tests/test_fmultiprocess.py" line="75" name="test_multiprocess_function_exception" time="0.001"></testcase><testcase classname="workspace._feature_updates-for-corona-jump.fundamentals.tests.test_logs.test_logs" file="workspace/_feature_updates-for-corona-jump/fundamentals/tests/test_logs.py" line="44" name="test_logs_function" time="0.001"></testcase></testsuite>